2023-06-01 08:26:40.343 [00018264] [T] LiveUpdateChecker.App::App()
2023-06-01 08:26:40.352 [00018264] [T] LiveUpdateChecker.App::LoadResource()
2023-06-01 08:26:40.421 [00018264] [T] LiveUpdateChecker.App::IsSingleInstance()
2023-06-01 08:26:40.429 [00018264] [T] LiveUpdateChecker.SingleInstance::SingleInstance()
2023-06-01 08:26:40.521 [00018264] [T] LiveUpdateChecker.MainWindow::MainWindow()
2023-06-01 08:26:40.767 [00018264] [T] LiveUpdateChecker.MainWindow::Window_Initialized()
2023-06-01 08:26:40.803 [00018264] [T] LiveUpdateChecker.MainWindow::Hola()
2023-06-01 08:26:40.803 [00018264] [D] LiveUpdateChecker.MainWindow::Hola(): ACCHOLA()
2023-06-01 08:26:40.822 [00018264] [I] ACCHOLA::Program Initialization()
2023-06-01 08:26:40.839 [00018264] [I] ACCHOLA:GetSerialNumber()
2023-06-01 08:26:40.840 [00018264] [I] ACCHOLA:Get_WMI_Info()
2023-06-01 08:26:40.876 [00018264] [I] ACCHOLA:GetMachineType()
2023-06-01 08:26:40.924 [00018264] [I] ACCHOLA:ReadIni()
2023-06-01 08:26:40.924 [00018264] [I] ACCHOLA:ReadIni()::iniPath::C:\ProgramData\Acer\CareCenter\HOLA.ini
2023-06-01 08:26:40.930 [00018264] [I] ACCHOLA::Program Initialization(): No need to be checked HOLA AD Data.
2023-06-01 08:26:40.934 [00018264] [T] LiveUpdateChecker.MainWindow::InitializeCheckUpdates()
2023-06-01 08:26:40.935 [00018264] [T] LiveUpdater.UpdaterEnvironment::UpdaterEnvironment()
2023-06-01 08:26:40.958 [00018264] [T] LiveUpdater.UpdaterEnvironment::GetOSCode()
2023-06-01 08:26:40.958 [00018264] [D] LiveUpdater.UpdaterEnvironment::GetOSCode(): Version: 10.0.22621.0
2023-06-01 08:26:40.958 [00018264] [D] LiveUpdater.UpdaterEnvironment::GetOSCode(): Major Version: 10
2023-06-01 08:26:40.958 [00018264] [D] LiveUpdater.UpdaterEnvironment::GetOSCode(): Minor Version: 0
2023-06-01 08:26:40.996 [00018264] [D] LiveUpdater.UpdaterEnvironment::GetOSCode(): Can't find the matched OS code.
2023-06-01 08:26:40.996 [00018264] [D] LiveUpdater.UpdaterEnvironment::UpdaterEnvironment(): OS: 10M1
2023-06-01 08:26:41.002 [00018264] [T] LiveUpdater.UpdaterEnvironment::GetSupportedLangID()
2023-06-01 08:26:41.002 [00018264] [D] LiveUpdater.UpdaterEnvironment::UpdaterEnvironment(): Language: EN
2023-06-01 08:26:41.003 [00018264] [T] LiveUpdater.UpdaterEnvironment::GetModel()
2023-06-01 08:26:41.024 [00018264] [D] LiveUpdater.UpdaterEnvironment::UpdaterEnvironment(): Model: Nitro AN515-58
2023-06-01 08:26:41.025 [00018264] [T] LiveUpdater.UpdaterEnvironment::GetBrand()
2023-06-01 08:26:41.026 [00018264] [D] LiveUpdater.UpdaterEnvironment::UpdaterEnvironment(): Brand: Acer
2023-06-01 08:26:41.028 [00018264] [T] LiveUpdater.UpdaterEnvironment::GetUpdaterVer()
2023-06-01 08:26:41.029 [00018264] [D] LiveUpdater.UpdaterEnvironment::UpdaterEnvironment(): ACC Version: ACC_4.00.3042
2023-06-01 08:26:41.029 [00018264] [T] LiveUpdater.UpdaterEnvironment::GetUpdaterDwordVer()
2023-06-01 08:26:41.030 [00018264] [D] LiveUpdater.UpdaterEnvironment::UpdaterEnvironment(): ACC DWORD Version: 67111906
2023-06-01 08:26:41.030 [00018264] [T] LiveUpdater.UpdaterEnvironment::GetSN()
2023-06-01 08:26:42.038 [00018264] [D] LiveUpdater.UpdaterEnvironment::UpdaterEnvironment(): SN: NHQFHSI0012110D5AF3400
2023-06-01 08:26:42.039 [00018264] [T] LiveUpdater.UpdaterEnvironment::GetKeyDim()
2023-06-01 08:26:42.039 [00018264] [D] LiveUpdater.UpdaterEnvironment::UpdaterEnvironment(): Local Directory: C:\ProgramData\Acer\updater2
2023-06-01 08:26:42.045 [00018264] [D] LiveUpdater.UpdaterEnvironment::UpdaterEnvironment(): FP URL: https://aluwsv2.acer.com/ServerInfo/EN/Nitro AN515-58/Nitro AN515-58_10M1_EN.xml
2023-06-01 08:26:42.045 [00018264] [D] LiveUpdater.UpdaterEnvironment::UpdaterEnvironment(): AP URL: https://aluwsv2.acer.com/ServerInfo/EN/ALU_APP/ALU_APP_10M1_EN.xml
2023-06-01 08:26:42.046 [00018264] [T] LiveUpdater.UpdaterEnvironment::GenPubkey()
2023-06-01 08:26:42.053 [00018264] [T] LiveUpdater.UpdaterEnvironment::GetMetaFile()
2023-06-01 08:26:42.054 [00018264] [T] LiveUpdater.UpdaterEnvironment::GetLastBootUpTime()
2023-06-01 08:26:42.161 [00018264] [D] LiveUpdater.UpdaterEnvironment::UpdaterEnvironment(): FUBDLR = 
2023-06-01 08:26:42.161 [00018264] [T] LiveUpdater.UpdaterEnvironment::GetLastBootUpTime()
2023-06-01 08:26:42.234 [00018264] [D] LiveUpdateChecker.MainWindow::InitializeCheckUpdates(): No need to be checked.
2023-06-01 08:26:42.234 [00018264] [T] LiveUpdateChecker.MainWindow::Close()
2023-06-01 08:26:42.255 [00017352] [T] LiveUpdateChecker.SingleInstance::ReleaseMutex()
2023-06-01 08:26:42.268 [00017352] [T] LiveUpdateChecker.SingleInstance::ReleaseMutex(), Exception: System.ApplicationException: Object synchronization method was called from an unsynchronized block of code.
   at System.Threading.Mutex.ReleaseMutex()
   at Acer.CareCenter.LiveUpdateChecker.SingleInstance.ReleaseMutex()
