2023-06-06 00:10:30.395 [00002832] [T] LiveUpdateChecker.App::App()
2023-06-06 00:10:30.404 [00002832] [T] LiveUpdateChecker.App::LoadResource()
2023-06-06 00:10:30.458 [00002832] [T] LiveUpdateChecker.App::IsSingleInstance()
2023-06-06 00:10:30.461 [00002832] [T] LiveUpdateChecker.SingleInstance::SingleInstance()
2023-06-06 00:10:30.558 [00002832] [T] LiveUpdateChecker.MainWindow::MainWindow()
2023-06-06 00:10:30.765 [00002832] [T] LiveUpdateChecker.MainWindow::Window_Initialized()
2023-06-06 00:10:30.792 [00002832] [T] LiveUpdateChecker.MainWindow::Hola()
2023-06-06 00:10:30.792 [00002832] [D] LiveUpdateChecker.MainWindow::Hola(): ACCHOLA()
2023-06-06 00:10:30.806 [00002832] [I] ACCHOLA::Program Initialization()
2023-06-06 00:10:30.822 [00002832] [I] ACCHOLA:GetSerialNumber()
2023-06-06 00:10:30.823 [00002832] [I] ACCHOLA:Get_WMI_Info()
2023-06-06 00:10:30.875 [00002832] [I] ACCHOLA:GetMachineType()
2023-06-06 00:10:30.943 [00002832] [I] ACCHOLA:ReadIni()
2023-06-06 00:10:30.943 [00002832] [I] ACCHOLA:ReadIni()::iniPath::C:\ProgramData\Acer\CareCenter\HOLA.ini
2023-06-06 00:10:30.948 [00002832] [I] ACCHOLA::Program Initialization(): No need to be checked HOLA AD Data.
2023-06-06 00:10:30.955 [00002832] [T] LiveUpdateChecker.MainWindow::InitializeCheckUpdates()
2023-06-06 00:10:30.956 [00002832] [T] LiveUpdater.UpdaterEnvironment::UpdaterEnvironment()
2023-06-06 00:10:30.979 [00002832] [T] LiveUpdater.UpdaterEnvironment::GetOSCode()
2023-06-06 00:10:30.979 [00002832] [D] LiveUpdater.UpdaterEnvironment::GetOSCode(): Version: 10.0.22621.0
2023-06-06 00:10:30.979 [00002832] [D] LiveUpdater.UpdaterEnvironment::GetOSCode(): Major Version: 10
2023-06-06 00:10:30.979 [00002832] [D] LiveUpdater.UpdaterEnvironment::GetOSCode(): Minor Version: 0
2023-06-06 00:10:31.006 [00002832] [D] LiveUpdater.UpdaterEnvironment::GetOSCode(): Can't find the matched OS code.
2023-06-06 00:10:31.006 [00002832] [D] LiveUpdater.UpdaterEnvironment::UpdaterEnvironment(): OS: 10M1
2023-06-06 00:10:31.008 [00002832] [T] LiveUpdater.UpdaterEnvironment::GetSupportedLangID()
2023-06-06 00:10:31.008 [00002832] [D] LiveUpdater.UpdaterEnvironment::UpdaterEnvironment(): Language: EN
2023-06-06 00:10:31.010 [00002832] [T] LiveUpdater.UpdaterEnvironment::GetModel()
2023-06-06 00:10:31.033 [00002832] [D] LiveUpdater.UpdaterEnvironment::UpdaterEnvironment(): Model: Nitro AN515-58
2023-06-06 00:10:31.035 [00002832] [T] LiveUpdater.UpdaterEnvironment::GetBrand()
2023-06-06 00:10:31.036 [00002832] [D] LiveUpdater.UpdaterEnvironment::UpdaterEnvironment(): Brand: Acer
2023-06-06 00:10:31.038 [00002832] [T] LiveUpdater.UpdaterEnvironment::GetUpdaterVer()
2023-06-06 00:10:31.039 [00002832] [D] LiveUpdater.UpdaterEnvironment::UpdaterEnvironment(): ACC Version: ACC_4.00.3042
2023-06-06 00:10:31.040 [00002832] [T] LiveUpdater.UpdaterEnvironment::GetUpdaterDwordVer()
2023-06-06 00:10:31.040 [00002832] [D] LiveUpdater.UpdaterEnvironment::UpdaterEnvironment(): ACC DWORD Version: 67111906
2023-06-06 00:10:31.041 [00002832] [T] LiveUpdater.UpdaterEnvironment::GetSN()
2023-06-06 00:10:32.051 [00002832] [D] LiveUpdater.UpdaterEnvironment::UpdaterEnvironment(): SN: NHQFHSI0012110D5AF3400
2023-06-06 00:10:32.051 [00002832] [T] LiveUpdater.UpdaterEnvironment::GetKeyDim()
2023-06-06 00:10:32.051 [00002832] [D] LiveUpdater.UpdaterEnvironment::UpdaterEnvironment(): Local Directory: C:\ProgramData\Acer\updater2
2023-06-06 00:10:32.052 [00002832] [D] LiveUpdater.UpdaterEnvironment::UpdaterEnvironment(): FP URL: https://aluwsv2.acer.com/ServerInfo/EN/Nitro AN515-58/Nitro AN515-58_10M1_EN.xml
2023-06-06 00:10:32.052 [00002832] [D] LiveUpdater.UpdaterEnvironment::UpdaterEnvironment(): AP URL: https://aluwsv2.acer.com/ServerInfo/EN/ALU_APP/ALU_APP_10M1_EN.xml
2023-06-06 00:10:32.053 [00002832] [T] LiveUpdater.UpdaterEnvironment::GenPubkey()
2023-06-06 00:10:32.056 [00002832] [T] LiveUpdater.UpdaterEnvironment::GetMetaFile()
2023-06-06 00:10:32.057 [00002832] [T] LiveUpdater.UpdaterEnvironment::GetLastBootUpTime()
2023-06-06 00:10:32.179 [00002832] [D] LiveUpdater.UpdaterEnvironment::UpdaterEnvironment(): FUBDLR = 
2023-06-06 00:10:32.179 [00002832] [T] LiveUpdater.UpdaterEnvironment::GetLastBootUpTime()
2023-06-06 00:10:32.264 [00002832] [D] LiveUpdateChecker.MainWindow::InitializeCheckUpdates(): No need to be checked.
2023-06-06 00:10:32.264 [00002832] [T] LiveUpdateChecker.MainWindow::Close()
2023-06-06 00:10:32.308 [00004980] [T] LiveUpdateChecker.SingleInstance::ReleaseMutex()
2023-06-06 00:10:32.327 [00004980] [T] LiveUpdateChecker.SingleInstance::ReleaseMutex(), Exception: System.ApplicationException: Object synchronization method was called from an unsynchronized block of code.
   at System.Threading.Mutex.ReleaseMutex()
   at Acer.CareCenter.LiveUpdateChecker.SingleInstance.ReleaseMutex()
