2023-06-07 22:47:03.472 [00006868] [T] LiveUpdateChecker.App::App()
2023-06-07 22:47:03.478 [00006868] [T] LiveUpdateChecker.App::LoadResource()
2023-06-07 22:47:03.526 [00006868] [T] LiveUpdateChecker.App::IsSingleInstance()
2023-06-07 22:47:03.528 [00006868] [T] LiveUpdateChecker.SingleInstance::SingleInstance()
2023-06-07 22:47:03.594 [00006868] [T] LiveUpdateChecker.MainWindow::MainWindow()
2023-06-07 22:47:03.836 [00006868] [T] LiveUpdateChecker.MainWindow::Window_Initialized()
2023-06-07 22:47:03.863 [00006868] [T] LiveUpdateChecker.MainWindow::Hola()
2023-06-07 22:47:03.863 [00006868] [D] LiveUpdateChecker.MainWindow::Hola(): ACCHOLA()
2023-06-07 22:47:03.872 [00006868] [I] ACCHOLA::Program Initialization()
2023-06-07 22:47:03.896 [00006868] [I] ACCHOLA:GetSerialNumber()
2023-06-07 22:47:03.896 [00006868] [I] ACCHOLA:Get_WMI_Info()
2023-06-07 22:47:03.933 [00006868] [I] ACCHOLA:GetMachineType()
2023-06-07 22:47:03.978 [00006868] [I] ACCHOLA:ReadIni()
2023-06-07 22:47:03.978 [00006868] [I] ACCHOLA:ReadIni()::iniPath::C:\ProgramData\Acer\CareCenter\HOLA.ini
2023-06-07 22:47:03.983 [00006868] [I] ACCHOLA::Program Initialization(): No need to be checked HOLA AD Data.
2023-06-07 22:47:03.987 [00006868] [T] LiveUpdateChecker.MainWindow::InitializeCheckUpdates()
2023-06-07 22:47:03.988 [00006868] [T] LiveUpdater.UpdaterEnvironment::UpdaterEnvironment()
2023-06-07 22:47:04.001 [00006868] [T] LiveUpdater.UpdaterEnvironment::GetOSCode()
2023-06-07 22:47:04.001 [00006868] [D] LiveUpdater.UpdaterEnvironment::GetOSCode(): Version: 10.0.22621.0
2023-06-07 22:47:04.001 [00006868] [D] LiveUpdater.UpdaterEnvironment::GetOSCode(): Major Version: 10
2023-06-07 22:47:04.001 [00006868] [D] LiveUpdater.UpdaterEnvironment::GetOSCode(): Minor Version: 0
2023-06-07 22:47:04.026 [00006868] [D] LiveUpdater.UpdaterEnvironment::GetOSCode(): Can't find the matched OS code.
2023-06-07 22:47:04.026 [00006868] [D] LiveUpdater.UpdaterEnvironment::UpdaterEnvironment(): OS: 10M1
2023-06-07 22:47:04.026 [00006868] [T] LiveUpdater.UpdaterEnvironment::GetSupportedLangID()
2023-06-07 22:47:04.027 [00006868] [D] LiveUpdater.UpdaterEnvironment::UpdaterEnvironment(): Language: EN
2023-06-07 22:47:04.028 [00006868] [T] LiveUpdater.UpdaterEnvironment::GetModel()
2023-06-07 22:47:04.050 [00006868] [D] LiveUpdater.UpdaterEnvironment::UpdaterEnvironment(): Model: Nitro AN515-58
2023-06-07 22:47:04.051 [00006868] [T] LiveUpdater.UpdaterEnvironment::GetBrand()
2023-06-07 22:47:04.051 [00006868] [D] LiveUpdater.UpdaterEnvironment::UpdaterEnvironment(): Brand: Acer
2023-06-07 22:47:04.052 [00006868] [T] LiveUpdater.UpdaterEnvironment::GetUpdaterVer()
2023-06-07 22:47:04.053 [00006868] [D] LiveUpdater.UpdaterEnvironment::UpdaterEnvironment(): ACC Version: ACC_4.00.3042
2023-06-07 22:47:04.053 [00006868] [T] LiveUpdater.UpdaterEnvironment::GetUpdaterDwordVer()
2023-06-07 22:47:04.055 [00006868] [D] LiveUpdater.UpdaterEnvironment::UpdaterEnvironment(): ACC DWORD Version: 67111906
2023-06-07 22:47:04.055 [00006868] [T] LiveUpdater.UpdaterEnvironment::GetSN()
2023-06-07 22:47:05.060 [00006868] [D] LiveUpdater.UpdaterEnvironment::UpdaterEnvironment(): SN: NHQFHSI0012110D5AF3400
2023-06-07 22:47:05.060 [00006868] [T] LiveUpdater.UpdaterEnvironment::GetKeyDim()
2023-06-07 22:47:05.060 [00006868] [D] LiveUpdater.UpdaterEnvironment::UpdaterEnvironment(): Local Directory: C:\ProgramData\Acer\updater2
2023-06-07 22:47:05.067 [00006868] [D] LiveUpdater.UpdaterEnvironment::UpdaterEnvironment(): FP URL: https://aluwsv2.acer.com/ServerInfo/EN/Nitro AN515-58/Nitro AN515-58_10M1_EN.xml
2023-06-07 22:47:05.067 [00006868] [D] LiveUpdater.UpdaterEnvironment::UpdaterEnvironment(): AP URL: https://aluwsv2.acer.com/ServerInfo/EN/ALU_APP/ALU_APP_10M1_EN.xml
2023-06-07 22:47:05.067 [00006868] [T] LiveUpdater.UpdaterEnvironment::GenPubkey()
2023-06-07 22:47:05.070 [00006868] [T] LiveUpdater.UpdaterEnvironment::GetMetaFile()
2023-06-07 22:47:05.072 [00006868] [T] LiveUpdater.UpdaterEnvironment::GetLastBootUpTime()
2023-06-07 22:47:05.173 [00006868] [D] LiveUpdater.UpdaterEnvironment::UpdaterEnvironment(): FUBDLR = 
2023-06-07 22:47:05.173 [00006868] [T] LiveUpdater.UpdaterEnvironment::GetLastBootUpTime()
2023-06-07 22:47:05.253 [00006868] [D] LiveUpdateChecker.MainWindow::InitializeCheckUpdates(): No need to be checked.
2023-06-07 22:47:05.253 [00006868] [T] LiveUpdateChecker.MainWindow::Close()
2023-06-07 22:47:05.312 [00014360] [T] LiveUpdateChecker.SingleInstance::ReleaseMutex()
2023-06-07 22:47:05.332 [00014360] [T] LiveUpdateChecker.SingleInstance::ReleaseMutex(), Exception: System.ApplicationException: Object synchronization method was called from an unsynchronized block of code.
   at System.Threading.Mutex.ReleaseMutex()
   at Acer.CareCenter.LiveUpdateChecker.SingleInstance.ReleaseMutex()
