2023-05-31 00:56:19.064 [00002756] [T] LiveUpdateChecker.App::App()
2023-05-31 00:56:19.068 [00002756] [T] LiveUpdateChecker.App::LoadResource()
2023-05-31 00:56:19.097 [00002756] [T] LiveUpdateChecker.App::IsSingleInstance()
2023-05-31 00:56:19.097 [00002756] [T] LiveUpdateChecker.SingleInstance::SingleInstance()
2023-05-31 00:56:19.139 [00002756] [T] LiveUpdateChecker.MainWindow::MainWindow()
2023-05-31 00:56:19.276 [00002756] [T] LiveUpdateChecker.MainWindow::Window_Initialized()
2023-05-31 00:56:19.283 [00002756] [T] LiveUpdateChecker.MainWindow::Hola()
2023-05-31 00:56:19.283 [00002756] [D] LiveUpdateChecker.MainWindow::Hola(): ACCHOLA()
2023-05-31 00:56:19.290 [00002756] [I] ACCHOLA::Program Initialization()
2023-05-31 00:56:19.296 [00002756] [I] ACCHOLA:GetSerialNumber()
2023-05-31 00:56:19.296 [00002756] [I] ACCHOLA:Get_WMI_Info()
2023-05-31 00:56:19.332 [00002756] [I] ACCHOLA:GetMachineType()
2023-05-31 00:56:19.378 [00002756] [I] ACCHOLA:ReadIni()
2023-05-31 00:56:19.378 [00002756] [I] ACCHOLA:ReadIni()::iniPath::C:\ProgramData\Acer\CareCenter\HOLA.ini
2023-05-31 00:56:19.381 [00002756] [I] ACCHOLA::Program Initialization(): No need to be checked HOLA AD Data.
2023-05-31 00:56:19.384 [00002756] [T] LiveUpdateChecker.MainWindow::InitializeCheckUpdates()
2023-05-31 00:56:19.385 [00002756] [T] LiveUpdater.UpdaterEnvironment::UpdaterEnvironment()
2023-05-31 00:56:19.394 [00002756] [T] LiveUpdater.UpdaterEnvironment::GetOSCode()
2023-05-31 00:56:19.394 [00002756] [D] LiveUpdater.UpdaterEnvironment::GetOSCode(): Version: 10.0.22621.0
2023-05-31 00:56:19.394 [00002756] [D] LiveUpdater.UpdaterEnvironment::GetOSCode(): Major Version: 10
2023-05-31 00:56:19.394 [00002756] [D] LiveUpdater.UpdaterEnvironment::GetOSCode(): Minor Version: 0
2023-05-31 00:56:19.403 [00002756] [D] LiveUpdater.UpdaterEnvironment::GetOSCode(): Can't find the matched OS code.
2023-05-31 00:56:19.403 [00002756] [D] LiveUpdater.UpdaterEnvironment::UpdaterEnvironment(): OS: 10M1
2023-05-31 00:56:19.403 [00002756] [T] LiveUpdater.UpdaterEnvironment::GetSupportedLangID()
2023-05-31 00:56:19.403 [00002756] [D] LiveUpdater.UpdaterEnvironment::UpdaterEnvironment(): Language: EN
2023-05-31 00:56:19.403 [00002756] [T] LiveUpdater.UpdaterEnvironment::GetModel()
2023-05-31 00:56:19.428 [00002756] [D] LiveUpdater.UpdaterEnvironment::UpdaterEnvironment(): Model: Nitro AN515-58
2023-05-31 00:56:19.431 [00002756] [T] LiveUpdater.UpdaterEnvironment::GetBrand()
2023-05-31 00:56:19.432 [00002756] [D] LiveUpdater.UpdaterEnvironment::UpdaterEnvironment(): Brand: Acer
2023-05-31 00:56:19.435 [00002756] [T] LiveUpdater.UpdaterEnvironment::GetUpdaterVer()
2023-05-31 00:56:19.436 [00002756] [D] LiveUpdater.UpdaterEnvironment::UpdaterEnvironment(): ACC Version: ACC_4.00.3042
2023-05-31 00:56:19.437 [00002756] [T] LiveUpdater.UpdaterEnvironment::GetUpdaterDwordVer()
2023-05-31 00:56:19.437 [00002756] [D] LiveUpdater.UpdaterEnvironment::UpdaterEnvironment(): ACC DWORD Version: 67111906
2023-05-31 00:56:19.438 [00002756] [T] LiveUpdater.UpdaterEnvironment::GetSN()
2023-05-31 00:56:20.448 [00002756] [D] LiveUpdater.UpdaterEnvironment::UpdaterEnvironment(): SN: NHQFHSI0012110D5AF3400
2023-05-31 00:56:20.448 [00002756] [T] LiveUpdater.UpdaterEnvironment::GetKeyDim()
2023-05-31 00:56:20.448 [00002756] [D] LiveUpdater.UpdaterEnvironment::UpdaterEnvironment(): Local Directory: C:\ProgramData\Acer\updater2
2023-05-31 00:56:20.449 [00002756] [D] LiveUpdater.UpdaterEnvironment::UpdaterEnvironment(): FP URL: https://aluwsv2.acer.com/ServerInfo/EN/Nitro AN515-58/Nitro AN515-58_10M1_EN.xml
2023-05-31 00:56:20.449 [00002756] [D] LiveUpdater.UpdaterEnvironment::UpdaterEnvironment(): AP URL: https://aluwsv2.acer.com/ServerInfo/EN/ALU_APP/ALU_APP_10M1_EN.xml
2023-05-31 00:56:20.449 [00002756] [T] LiveUpdater.UpdaterEnvironment::GenPubkey()
2023-05-31 00:56:20.452 [00002756] [T] LiveUpdater.UpdaterEnvironment::GetMetaFile()
2023-05-31 00:56:20.453 [00002756] [T] LiveUpdater.UpdaterEnvironment::GetLastBootUpTime()
2023-05-31 00:56:20.589 [00002756] [D] LiveUpdater.UpdaterEnvironment::UpdaterEnvironment(): FUBDLR = 
2023-05-31 00:56:20.589 [00002756] [T] LiveUpdater.UpdaterEnvironment::GetLastBootUpTime()
2023-05-31 00:56:20.698 [00002756] [D] LiveUpdateChecker.MainWindow::InitializeCheckUpdates(): No need to be checked.
2023-05-31 00:56:20.698 [00002756] [T] LiveUpdateChecker.MainWindow::Close()
2023-05-31 00:56:20.740 [00015696] [T] LiveUpdateChecker.SingleInstance::ReleaseMutex()
2023-05-31 00:56:20.747 [00015696] [T] LiveUpdateChecker.SingleInstance::ReleaseMutex(), Exception: System.ApplicationException: Object synchronization method was called from an unsynchronized block of code.
   at System.Threading.Mutex.ReleaseMutex()
   at Acer.CareCenter.LiveUpdateChecker.SingleInstance.ReleaseMutex()
