2023-06-03 05:37:38.541 [00026228] [T] LiveUpdateChecker.App::App()
2023-06-03 05:37:38.553 [00026228] [T] LiveUpdateChecker.App::LoadResource()
2023-06-03 05:37:38.638 [00026228] [T] LiveUpdateChecker.App::IsSingleInstance()
2023-06-03 05:37:38.649 [00026228] [T] LiveUpdateChecker.SingleInstance::SingleInstance()
2023-06-03 05:37:38.754 [00026228] [T] LiveUpdateChecker.MainWindow::MainWindow()
2023-06-03 05:37:39.089 [00026228] [T] LiveUpdateChecker.MainWindow::Window_Initialized()
2023-06-03 05:37:39.113 [00026228] [T] LiveUpdateChecker.MainWindow::Hola()
2023-06-03 05:37:39.113 [00026228] [D] LiveUpdateChecker.MainWindow::Hola(): ACCHOLA()
2023-06-03 05:37:39.135 [00026228] [I] ACCHOLA::Program Initialization()
2023-06-03 05:37:39.166 [00026228] [I] ACCHOLA:GetSerialNumber()
2023-06-03 05:37:39.167 [00026228] [I] ACCHOLA:Get_WMI_Info()
2023-06-03 05:37:39.225 [00026228] [I] ACCHOLA:GetMachineType()
2023-06-03 05:37:39.280 [00026228] [I] ACCHOLA:ReadIni()
2023-06-03 05:37:39.280 [00026228] [I] ACCHOLA:ReadIni()::iniPath::C:\ProgramData\Acer\CareCenter\HOLA.ini
2023-06-03 05:37:39.286 [00026228] [I] ACCHOLA::Program Initialization(): No need to be checked HOLA AD Data.
2023-06-03 05:37:39.290 [00026228] [T] LiveUpdateChecker.MainWindow::InitializeCheckUpdates()
2023-06-03 05:37:39.292 [00026228] [T] LiveUpdater.UpdaterEnvironment::UpdaterEnvironment()
2023-06-03 05:37:39.314 [00026228] [T] LiveUpdater.UpdaterEnvironment::GetOSCode()
2023-06-03 05:37:39.314 [00026228] [D] LiveUpdater.UpdaterEnvironment::GetOSCode(): Version: 10.0.22621.0
2023-06-03 05:37:39.314 [00026228] [D] LiveUpdater.UpdaterEnvironment::GetOSCode(): Major Version: 10
2023-06-03 05:37:39.314 [00026228] [D] LiveUpdater.UpdaterEnvironment::GetOSCode(): Minor Version: 0
2023-06-03 05:37:39.345 [00026228] [D] LiveUpdater.UpdaterEnvironment::GetOSCode(): Can't find the matched OS code.
2023-06-03 05:37:39.345 [00026228] [D] LiveUpdater.UpdaterEnvironment::UpdaterEnvironment(): OS: 10M1
2023-06-03 05:37:39.345 [00026228] [T] LiveUpdater.UpdaterEnvironment::GetSupportedLangID()
2023-06-03 05:37:39.345 [00026228] [D] LiveUpdater.UpdaterEnvironment::UpdaterEnvironment(): Language: EN
2023-06-03 05:37:39.346 [00026228] [T] LiveUpdater.UpdaterEnvironment::GetModel()
2023-06-03 05:37:39.379 [00026228] [D] LiveUpdater.UpdaterEnvironment::UpdaterEnvironment(): Model: Nitro AN515-58
2023-06-03 05:37:39.381 [00026228] [T] LiveUpdater.UpdaterEnvironment::GetBrand()
2023-06-03 05:37:39.382 [00026228] [D] LiveUpdater.UpdaterEnvironment::UpdaterEnvironment(): Brand: Acer
2023-06-03 05:37:39.384 [00026228] [T] LiveUpdater.UpdaterEnvironment::GetUpdaterVer()
2023-06-03 05:37:39.385 [00026228] [D] LiveUpdater.UpdaterEnvironment::UpdaterEnvironment(): ACC Version: ACC_4.00.3042
2023-06-03 05:37:39.386 [00026228] [T] LiveUpdater.UpdaterEnvironment::GetUpdaterDwordVer()
2023-06-03 05:37:39.386 [00026228] [D] LiveUpdater.UpdaterEnvironment::UpdaterEnvironment(): ACC DWORD Version: 67111906
2023-06-03 05:37:39.386 [00026228] [T] LiveUpdater.UpdaterEnvironment::GetSN()
2023-06-03 05:37:40.399 [00026228] [D] LiveUpdater.UpdaterEnvironment::UpdaterEnvironment(): SN: NHQFHSI0012110D5AF3400
2023-06-03 05:37:40.399 [00026228] [T] LiveUpdater.UpdaterEnvironment::GetKeyDim()
2023-06-03 05:37:40.399 [00026228] [D] LiveUpdater.UpdaterEnvironment::UpdaterEnvironment(): Local Directory: C:\ProgramData\Acer\updater2
2023-06-03 05:37:40.400 [00026228] [D] LiveUpdater.UpdaterEnvironment::UpdaterEnvironment(): FP URL: https://aluwsv2.acer.com/ServerInfo/EN/Nitro AN515-58/Nitro AN515-58_10M1_EN.xml
2023-06-03 05:37:40.400 [00026228] [D] LiveUpdater.UpdaterEnvironment::UpdaterEnvironment(): AP URL: https://aluwsv2.acer.com/ServerInfo/EN/ALU_APP/ALU_APP_10M1_EN.xml
2023-06-03 05:37:40.401 [00026228] [T] LiveUpdater.UpdaterEnvironment::GenPubkey()
2023-06-03 05:37:40.407 [00026228] [T] LiveUpdater.UpdaterEnvironment::GetMetaFile()
2023-06-03 05:37:40.407 [00026228] [T] LiveUpdater.UpdaterEnvironment::GetLastBootUpTime()
2023-06-03 05:37:40.524 [00026228] [D] LiveUpdater.UpdaterEnvironment::UpdaterEnvironment(): FUBDLR = 
2023-06-03 05:37:40.524 [00026228] [T] LiveUpdater.UpdaterEnvironment::GetLastBootUpTime()
2023-06-03 05:37:40.615 [00026228] [D] LiveUpdateChecker.MainWindow::InitializeCheckUpdates(): No need to be checked.
2023-06-03 05:37:40.615 [00026228] [T] LiveUpdateChecker.MainWindow::Close()
2023-06-03 05:37:40.637 [00013636] [T] LiveUpdateChecker.SingleInstance::ReleaseMutex()
2023-06-03 05:37:40.650 [00013636] [T] LiveUpdateChecker.SingleInstance::ReleaseMutex(), Exception: System.ApplicationException: Object synchronization method was called from an unsynchronized block of code.
   at System.Threading.Mutex.ReleaseMutex()
   at Acer.CareCenter.LiveUpdateChecker.SingleInstance.ReleaseMutex()
