2023-06-03 06:50:57.209 [00010092] [T] LiveUpdateChecker.App::App()
2023-06-03 06:50:57.225 [00010092] [T] LiveUpdateChecker.App::LoadResource()
2023-06-03 06:50:57.250 [00010092] [T] LiveUpdateChecker.App::IsSingleInstance()
2023-06-03 06:50:57.251 [00010092] [T] LiveUpdateChecker.SingleInstance::SingleInstance()
2023-06-03 06:50:57.310 [00010092] [T] LiveUpdateChecker.MainWindow::MainWindow()
2023-06-03 06:50:57.490 [00010092] [T] LiveUpdateChecker.MainWindow::Window_Initialized()
2023-06-03 06:50:57.502 [00010092] [T] LiveUpdateChecker.MainWindow::Hola()
2023-06-03 06:50:57.502 [00010092] [D] LiveUpdateChecker.MainWindow::Hola(): ACCHOLA()
2023-06-03 06:50:57.503 [00010092] [I] ACCHOLA::Program Initialization()
2023-06-03 06:50:57.505 [00010092] [I] ACCHOLA:GetSerialNumber()
2023-06-03 06:50:57.506 [00010092] [I] ACCHOLA:Get_WMI_Info()
2023-06-03 06:50:57.540 [00010092] [I] ACCHOLA:GetMachineType()
2023-06-03 06:50:57.577 [00010092] [I] ACCHOLA:ReadIni()
2023-06-03 06:50:57.577 [00010092] [I] ACCHOLA:ReadIni()::iniPath::C:\ProgramData\Acer\CareCenter\HOLA.ini
2023-06-03 06:50:57.591 [00010092] [I] ACCHOLA::Program Initialization(): No need to be checked HOLA AD Data.
2023-06-03 06:50:57.595 [00010092] [T] LiveUpdateChecker.MainWindow::InitializeCheckUpdates()
2023-06-03 06:50:57.596 [00010092] [T] LiveUpdater.UpdaterEnvironment::UpdaterEnvironment()
2023-06-03 06:50:57.602 [00010092] [T] LiveUpdater.UpdaterEnvironment::GetOSCode()
2023-06-03 06:50:57.602 [00010092] [D] LiveUpdater.UpdaterEnvironment::GetOSCode(): Version: 10.0.22621.0
2023-06-03 06:50:57.602 [00010092] [D] LiveUpdater.UpdaterEnvironment::GetOSCode(): Major Version: 10
2023-06-03 06:50:57.602 [00010092] [D] LiveUpdater.UpdaterEnvironment::GetOSCode(): Minor Version: 0
2023-06-03 06:50:57.619 [00010092] [D] LiveUpdater.UpdaterEnvironment::GetOSCode(): Can't find the matched OS code.
2023-06-03 06:50:57.619 [00010092] [D] LiveUpdater.UpdaterEnvironment::UpdaterEnvironment(): OS: 10M1
2023-06-03 06:50:57.620 [00010092] [T] LiveUpdater.UpdaterEnvironment::GetSupportedLangID()
2023-06-03 06:50:57.620 [00010092] [D] LiveUpdater.UpdaterEnvironment::UpdaterEnvironment(): Language: EN
2023-06-03 06:50:57.620 [00010092] [T] LiveUpdater.UpdaterEnvironment::GetModel()
2023-06-03 06:50:57.635 [00010092] [D] LiveUpdater.UpdaterEnvironment::UpdaterEnvironment(): Model: Nitro AN515-58
2023-06-03 06:50:57.636 [00010092] [T] LiveUpdater.UpdaterEnvironment::GetBrand()
2023-06-03 06:50:57.636 [00010092] [D] LiveUpdater.UpdaterEnvironment::UpdaterEnvironment(): Brand: Acer
2023-06-03 06:50:57.637 [00010092] [T] LiveUpdater.UpdaterEnvironment::GetUpdaterVer()
2023-06-03 06:50:57.638 [00010092] [D] LiveUpdater.UpdaterEnvironment::UpdaterEnvironment(): ACC Version: ACC_4.00.3042
2023-06-03 06:50:57.639 [00010092] [T] LiveUpdater.UpdaterEnvironment::GetUpdaterDwordVer()
2023-06-03 06:50:57.639 [00010092] [D] LiveUpdater.UpdaterEnvironment::UpdaterEnvironment(): ACC DWORD Version: 67111906
2023-06-03 06:50:57.639 [00010092] [T] LiveUpdater.UpdaterEnvironment::GetSN()
2023-06-03 06:50:58.648 [00010092] [D] LiveUpdater.UpdaterEnvironment::UpdaterEnvironment(): SN: NHQFHSI0012110D5AF3400
2023-06-03 06:50:58.649 [00010092] [T] LiveUpdater.UpdaterEnvironment::GetKeyDim()
2023-06-03 06:50:58.649 [00010092] [D] LiveUpdater.UpdaterEnvironment::UpdaterEnvironment(): Local Directory: C:\ProgramData\Acer\updater2
2023-06-03 06:50:58.650 [00010092] [D] LiveUpdater.UpdaterEnvironment::UpdaterEnvironment(): FP URL: https://aluwsv2.acer.com/ServerInfo/EN/Nitro AN515-58/Nitro AN515-58_10M1_EN.xml
2023-06-03 06:50:58.650 [00010092] [D] LiveUpdater.UpdaterEnvironment::UpdaterEnvironment(): AP URL: https://aluwsv2.acer.com/ServerInfo/EN/ALU_APP/ALU_APP_10M1_EN.xml
2023-06-03 06:50:58.652 [00010092] [T] LiveUpdater.UpdaterEnvironment::GenPubkey()
2023-06-03 06:50:58.655 [00010092] [T] LiveUpdater.UpdaterEnvironment::GetMetaFile()
2023-06-03 06:50:58.657 [00010092] [T] LiveUpdater.UpdaterEnvironment::GetLastBootUpTime()
2023-06-03 06:50:58.749 [00010092] [D] LiveUpdater.UpdaterEnvironment::UpdaterEnvironment(): FUBDLR = 
2023-06-03 06:50:58.749 [00010092] [T] LiveUpdater.UpdaterEnvironment::GetLastBootUpTime()
2023-06-03 06:50:58.827 [00010092] [T] LiveUpdater.UpdaterEnvironment::GetLastBootUpTime()
2023-06-03 06:50:58.905 [00010092] [T] LiveUpdater.UpdaterEnvironment::SaveMetaFile()
2023-06-03 06:50:58.908 [00010092] [D] LiveUpdateChecker.MainWindow::InitializeCheckUpdates(): No need to be checked.
2023-06-03 06:50:58.908 [00010092] [T] LiveUpdateChecker.MainWindow::Close()
2023-06-03 06:50:58.925 [00015508] [T] LiveUpdateChecker.SingleInstance::ReleaseMutex()
2023-06-03 06:50:58.930 [00015508] [T] LiveUpdateChecker.SingleInstance::ReleaseMutex(), Exception: System.ApplicationException: Object synchronization method was called from an unsynchronized block of code.
   at System.Threading.Mutex.ReleaseMutex()
   at Acer.CareCenter.LiveUpdateChecker.SingleInstance.ReleaseMutex()
