2023-05-30 23:56:19.032 [00004656] [T] LiveUpdateChecker.App::App()
2023-05-30 23:56:19.037 [00004656] [T] LiveUpdateChecker.App::LoadResource()
2023-05-30 23:56:19.065 [00004656] [T] LiveUpdateChecker.App::IsSingleInstance()
2023-05-30 23:56:19.066 [00004656] [T] LiveUpdateChecker.SingleInstance::SingleInstance()
2023-05-30 23:56:19.107 [00004656] [T] LiveUpdateChecker.MainWindow::MainWindow()
2023-05-30 23:56:19.247 [00004656] [T] LiveUpdateChecker.MainWindow::Window_Initialized()
2023-05-30 23:56:19.255 [00004656] [T] LiveUpdateChecker.MainWindow::Hola()
2023-05-30 23:56:19.255 [00004656] [D] LiveUpdateChecker.MainWindow::Hola(): ACCHOLA()
2023-05-30 23:56:19.262 [00004656] [I] ACCHOLA::Program Initialization()
2023-05-30 23:56:19.267 [00004656] [I] ACCHOLA:GetSerialNumber()
2023-05-30 23:56:19.267 [00004656] [I] ACCHOLA:Get_WMI_Info()
2023-05-30 23:56:19.310 [00004656] [I] ACCHOLA:GetMachineType()
2023-05-30 23:56:19.354 [00004656] [I] ACCHOLA:ReadIni()
2023-05-30 23:56:19.354 [00004656] [I] ACCHOLA:ReadIni()::iniPath::C:\ProgramData\Acer\CareCenter\HOLA.ini
2023-05-30 23:56:19.368 [00004656] [I] ACCHOLA::Program Initialization(): No need to be checked HOLA AD Data.
2023-05-30 23:56:19.371 [00004656] [T] LiveUpdateChecker.MainWindow::InitializeCheckUpdates()
2023-05-30 23:56:19.371 [00004656] [T] LiveUpdater.UpdaterEnvironment::UpdaterEnvironment()
2023-05-30 23:56:19.383 [00004656] [T] LiveUpdater.UpdaterEnvironment::GetOSCode()
2023-05-30 23:56:19.383 [00004656] [D] LiveUpdater.UpdaterEnvironment::GetOSCode(): Version: 10.0.22621.0
2023-05-30 23:56:19.383 [00004656] [D] LiveUpdater.UpdaterEnvironment::GetOSCode(): Major Version: 10
2023-05-30 23:56:19.383 [00004656] [D] LiveUpdater.UpdaterEnvironment::GetOSCode(): Minor Version: 0
2023-05-30 23:56:19.392 [00004656] [D] LiveUpdater.UpdaterEnvironment::GetOSCode(): Can't find the matched OS code.
2023-05-30 23:56:19.392 [00004656] [D] LiveUpdater.UpdaterEnvironment::UpdaterEnvironment(): OS: 10M1
2023-05-30 23:56:19.392 [00004656] [T] LiveUpdater.UpdaterEnvironment::GetSupportedLangID()
2023-05-30 23:56:19.393 [00004656] [D] LiveUpdater.UpdaterEnvironment::UpdaterEnvironment(): Language: EN
2023-05-30 23:56:19.393 [00004656] [T] LiveUpdater.UpdaterEnvironment::GetModel()
2023-05-30 23:56:19.417 [00004656] [D] LiveUpdater.UpdaterEnvironment::UpdaterEnvironment(): Model: Nitro AN515-58
2023-05-30 23:56:19.419 [00004656] [T] LiveUpdater.UpdaterEnvironment::GetBrand()
2023-05-30 23:56:19.420 [00004656] [D] LiveUpdater.UpdaterEnvironment::UpdaterEnvironment(): Brand: Acer
2023-05-30 23:56:19.421 [00004656] [T] LiveUpdater.UpdaterEnvironment::GetUpdaterVer()
2023-05-30 23:56:19.422 [00004656] [D] LiveUpdater.UpdaterEnvironment::UpdaterEnvironment(): ACC Version: ACC_4.00.3042
2023-05-30 23:56:19.423 [00004656] [T] LiveUpdater.UpdaterEnvironment::GetUpdaterDwordVer()
2023-05-30 23:56:19.423 [00004656] [D] LiveUpdater.UpdaterEnvironment::UpdaterEnvironment(): ACC DWORD Version: 67111906
2023-05-30 23:56:19.423 [00004656] [T] LiveUpdater.UpdaterEnvironment::GetSN()
2023-05-30 23:56:20.432 [00004656] [D] LiveUpdater.UpdaterEnvironment::UpdaterEnvironment(): SN: NHQFHSI0012110D5AF3400
2023-05-30 23:56:20.432 [00004656] [T] LiveUpdater.UpdaterEnvironment::GetKeyDim()
2023-05-30 23:56:20.432 [00004656] [D] LiveUpdater.UpdaterEnvironment::UpdaterEnvironment(): Local Directory: C:\ProgramData\Acer\updater2
2023-05-30 23:56:20.434 [00004656] [D] LiveUpdater.UpdaterEnvironment::UpdaterEnvironment(): FP URL: https://aluwsv2.acer.com/ServerInfo/EN/Nitro AN515-58/Nitro AN515-58_10M1_EN.xml
2023-05-30 23:56:20.434 [00004656] [D] LiveUpdater.UpdaterEnvironment::UpdaterEnvironment(): AP URL: https://aluwsv2.acer.com/ServerInfo/EN/ALU_APP/ALU_APP_10M1_EN.xml
2023-05-30 23:56:20.435 [00004656] [T] LiveUpdater.UpdaterEnvironment::GenPubkey()
2023-05-30 23:56:20.438 [00004656] [T] LiveUpdater.UpdaterEnvironment::GetMetaFile()
2023-05-30 23:56:20.439 [00004656] [T] LiveUpdater.UpdaterEnvironment::GetLastBootUpTime()
2023-05-30 23:56:20.617 [00004656] [D] LiveUpdater.UpdaterEnvironment::UpdaterEnvironment(): FUBDLR = 
2023-05-30 23:56:20.617 [00004656] [T] LiveUpdater.UpdaterEnvironment::GetLastBootUpTime()
2023-05-30 23:56:20.733 [00004656] [T] LiveUpdater.UpdaterEnvironment::GetLastBootUpTime()
2023-05-30 23:56:20.842 [00004656] [T] LiveUpdater.UpdaterEnvironment::SaveMetaFile()
2023-05-30 23:56:20.858 [00004656] [D] LiveUpdateChecker.MainWindow::InitializeCheckUpdates(): No need to be checked.
2023-05-30 23:56:20.858 [00004656] [T] LiveUpdateChecker.MainWindow::Close()
2023-05-30 23:56:20.879 [00011532] [T] LiveUpdateChecker.SingleInstance::ReleaseMutex()
2023-05-30 23:56:20.884 [00011532] [T] LiveUpdateChecker.SingleInstance::ReleaseMutex(), Exception: System.ApplicationException: Object synchronization method was called from an unsynchronized block of code.
   at System.Threading.Mutex.ReleaseMutex()
   at Acer.CareCenter.LiveUpdateChecker.SingleInstance.ReleaseMutex()
