2023-06-03 03:37:38.759 [00021824] [T] LiveUpdateChecker.App::App()
2023-06-03 03:37:38.769 [00021824] [T] LiveUpdateChecker.App::LoadResource()
2023-06-03 03:37:38.850 [00021824] [T] LiveUpdateChecker.App::IsSingleInstance()
2023-06-03 03:37:38.858 [00021824] [T] LiveUpdateChecker.SingleInstance::SingleInstance()
2023-06-03 03:37:38.973 [00021824] [T] LiveUpdateChecker.MainWindow::MainWindow()
2023-06-03 03:37:39.563 [00021824] [T] LiveUpdateChecker.MainWindow::Window_Initialized()
2023-06-03 03:37:39.587 [00021824] [T] LiveUpdateChecker.MainWindow::Hola()
2023-06-03 03:37:39.587 [00021824] [D] LiveUpdateChecker.MainWindow::Hola(): ACCHOLA()
2023-06-03 03:37:39.604 [00021824] [I] ACCHOLA::Program Initialization()
2023-06-03 03:37:39.631 [00021824] [I] ACCHOLA:GetSerialNumber()
2023-06-03 03:37:39.631 [00021824] [I] ACCHOLA:Get_WMI_Info()
2023-06-03 03:37:39.679 [00021824] [I] ACCHOLA:GetMachineType()
2023-06-03 03:37:39.733 [00021824] [I] ACCHOLA:ReadIni()
2023-06-03 03:37:39.733 [00021824] [I] ACCHOLA:ReadIni()::iniPath::C:\ProgramData\Acer\CareCenter\HOLA.ini
2023-06-03 03:37:39.739 [00021824] [I] ACCHOLA::Program Initialization(): No need to be checked HOLA AD Data.
2023-06-03 03:37:39.743 [00021824] [T] LiveUpdateChecker.MainWindow::InitializeCheckUpdates()
2023-06-03 03:37:39.744 [00021824] [T] LiveUpdater.UpdaterEnvironment::UpdaterEnvironment()
2023-06-03 03:37:39.770 [00021824] [T] LiveUpdater.UpdaterEnvironment::GetOSCode()
2023-06-03 03:37:39.770 [00021824] [D] LiveUpdater.UpdaterEnvironment::GetOSCode(): Version: 10.0.22621.0
2023-06-03 03:37:39.770 [00021824] [D] LiveUpdater.UpdaterEnvironment::GetOSCode(): Major Version: 10
2023-06-03 03:37:39.770 [00021824] [D] LiveUpdater.UpdaterEnvironment::GetOSCode(): Minor Version: 0
2023-06-03 03:37:39.810 [00021824] [D] LiveUpdater.UpdaterEnvironment::GetOSCode(): Can't find the matched OS code.
2023-06-03 03:37:39.810 [00021824] [D] LiveUpdater.UpdaterEnvironment::UpdaterEnvironment(): OS: 10M1
2023-06-03 03:37:39.810 [00021824] [T] LiveUpdater.UpdaterEnvironment::GetSupportedLangID()
2023-06-03 03:37:39.811 [00021824] [D] LiveUpdater.UpdaterEnvironment::UpdaterEnvironment(): Language: EN
2023-06-03 03:37:39.811 [00021824] [T] LiveUpdater.UpdaterEnvironment::GetModel()
2023-06-03 03:37:39.846 [00021824] [D] LiveUpdater.UpdaterEnvironment::UpdaterEnvironment(): Model: Nitro AN515-58
2023-06-03 03:37:39.848 [00021824] [T] LiveUpdater.UpdaterEnvironment::GetBrand()
2023-06-03 03:37:39.849 [00021824] [D] LiveUpdater.UpdaterEnvironment::UpdaterEnvironment(): Brand: Acer
2023-06-03 03:37:39.850 [00021824] [T] LiveUpdater.UpdaterEnvironment::GetUpdaterVer()
2023-06-03 03:37:39.852 [00021824] [D] LiveUpdater.UpdaterEnvironment::UpdaterEnvironment(): ACC Version: ACC_4.00.3042
2023-06-03 03:37:39.853 [00021824] [T] LiveUpdater.UpdaterEnvironment::GetUpdaterDwordVer()
2023-06-03 03:37:39.853 [00021824] [D] LiveUpdater.UpdaterEnvironment::UpdaterEnvironment(): ACC DWORD Version: 67111906
2023-06-03 03:37:39.853 [00021824] [T] LiveUpdater.UpdaterEnvironment::GetSN()
2023-06-03 03:37:40.865 [00021824] [D] LiveUpdater.UpdaterEnvironment::UpdaterEnvironment(): SN: NHQFHSI0012110D5AF3400
2023-06-03 03:37:40.866 [00021824] [T] LiveUpdater.UpdaterEnvironment::GetKeyDim()
2023-06-03 03:37:40.866 [00021824] [D] LiveUpdater.UpdaterEnvironment::UpdaterEnvironment(): Local Directory: C:\ProgramData\Acer\updater2
2023-06-03 03:37:40.869 [00021824] [D] LiveUpdater.UpdaterEnvironment::UpdaterEnvironment(): FP URL: https://aluwsv2.acer.com/ServerInfo/EN/Nitro AN515-58/Nitro AN515-58_10M1_EN.xml
2023-06-03 03:37:40.869 [00021824] [D] LiveUpdater.UpdaterEnvironment::UpdaterEnvironment(): AP URL: https://aluwsv2.acer.com/ServerInfo/EN/ALU_APP/ALU_APP_10M1_EN.xml
2023-06-03 03:37:40.870 [00021824] [T] LiveUpdater.UpdaterEnvironment::GenPubkey()
2023-06-03 03:37:40.878 [00021824] [T] LiveUpdater.UpdaterEnvironment::GetMetaFile()
2023-06-03 03:37:40.879 [00021824] [T] LiveUpdater.UpdaterEnvironment::GetLastBootUpTime()
2023-06-03 03:37:41.048 [00021824] [D] LiveUpdater.UpdaterEnvironment::UpdaterEnvironment(): FUBDLR = 
2023-06-03 03:37:41.048 [00021824] [T] LiveUpdater.UpdaterEnvironment::GetLastBootUpTime()
2023-06-03 03:37:41.167 [00021824] [D] LiveUpdateChecker.MainWindow::InitializeCheckUpdates(): No need to be checked.
2023-06-03 03:37:41.167 [00021824] [T] LiveUpdateChecker.MainWindow::Close()
2023-06-03 03:37:41.219 [00030036] [T] LiveUpdateChecker.SingleInstance::ReleaseMutex()
2023-06-03 03:37:41.246 [00030036] [T] LiveUpdateChecker.SingleInstance::ReleaseMutex(), Exception: System.ApplicationException: Object synchronization method was called from an unsynchronized block of code.
   at System.Threading.Mutex.ReleaseMutex()
   at Acer.CareCenter.LiveUpdateChecker.SingleInstance.ReleaseMutex()
