2023-06-02 11:01:16.897 [00018348] [T] LiveUpdateChecker.App::App()
2023-06-02 11:01:16.905 [00018348] [T] LiveUpdateChecker.App::LoadResource()
2023-06-02 11:01:16.969 [00018348] [T] LiveUpdateChecker.App::IsSingleInstance()
2023-06-02 11:01:16.978 [00018348] [T] LiveUpdateChecker.SingleInstance::SingleInstance()
2023-06-02 11:01:17.069 [00018348] [T] LiveUpdateChecker.MainWindow::MainWindow()
2023-06-02 11:01:17.308 [00018348] [T] LiveUpdateChecker.MainWindow::Window_Initialized()
2023-06-02 11:01:17.352 [00018348] [T] LiveUpdateChecker.MainWindow::Hola()
2023-06-02 11:01:17.352 [00018348] [D] LiveUpdateChecker.MainWindow::Hola(): ACCHOLA()
2023-06-02 11:01:17.372 [00018348] [I] ACCHOLA::Program Initialization()
2023-06-02 11:01:17.395 [00018348] [I] ACCHOLA:GetSerialNumber()
2023-06-02 11:01:17.395 [00018348] [I] ACCHOLA:Get_WMI_Info()
2023-06-02 11:01:17.432 [00018348] [I] ACCHOLA:GetMachineType()
2023-06-02 11:01:17.476 [00018348] [I] ACCHOLA:ReadIni()
2023-06-02 11:01:17.476 [00018348] [I] ACCHOLA:ReadIni()::iniPath::C:\ProgramData\Acer\CareCenter\HOLA.ini
2023-06-02 11:01:17.482 [00018348] [I] ACCHOLA::Program Initialization(): No need to be checked HOLA AD Data.
2023-06-02 11:01:17.488 [00018348] [T] LiveUpdateChecker.MainWindow::InitializeCheckUpdates()
2023-06-02 11:01:17.491 [00018348] [T] LiveUpdater.UpdaterEnvironment::UpdaterEnvironment()
2023-06-02 11:01:17.558 [00018348] [T] LiveUpdater.UpdaterEnvironment::GetOSCode()
2023-06-02 11:01:17.558 [00018348] [D] LiveUpdater.UpdaterEnvironment::GetOSCode(): Version: 10.0.22621.0
2023-06-02 11:01:17.558 [00018348] [D] LiveUpdater.UpdaterEnvironment::GetOSCode(): Major Version: 10
2023-06-02 11:01:17.558 [00018348] [D] LiveUpdater.UpdaterEnvironment::GetOSCode(): Minor Version: 0
2023-06-02 11:01:17.594 [00018348] [D] LiveUpdater.UpdaterEnvironment::GetOSCode(): Can't find the matched OS code.
2023-06-02 11:01:17.594 [00018348] [D] LiveUpdater.UpdaterEnvironment::UpdaterEnvironment(): OS: 10M1
2023-06-02 11:01:17.594 [00018348] [T] LiveUpdater.UpdaterEnvironment::GetSupportedLangID()
2023-06-02 11:01:17.595 [00018348] [D] LiveUpdater.UpdaterEnvironment::UpdaterEnvironment(): Language: EN
2023-06-02 11:01:17.595 [00018348] [T] LiveUpdater.UpdaterEnvironment::GetModel()
2023-06-02 11:01:17.608 [00018348] [D] LiveUpdater.UpdaterEnvironment::UpdaterEnvironment(): Model: Nitro AN515-58
2023-06-02 11:01:17.609 [00018348] [T] LiveUpdater.UpdaterEnvironment::GetBrand()
2023-06-02 11:01:17.609 [00018348] [D] LiveUpdater.UpdaterEnvironment::UpdaterEnvironment(): Brand: Acer
2023-06-02 11:01:17.610 [00018348] [T] LiveUpdater.UpdaterEnvironment::GetUpdaterVer()
2023-06-02 11:01:17.611 [00018348] [D] LiveUpdater.UpdaterEnvironment::UpdaterEnvironment(): ACC Version: ACC_4.00.3042
2023-06-02 11:01:17.611 [00018348] [T] LiveUpdater.UpdaterEnvironment::GetUpdaterDwordVer()
2023-06-02 11:01:17.611 [00018348] [D] LiveUpdater.UpdaterEnvironment::UpdaterEnvironment(): ACC DWORD Version: 67111906
2023-06-02 11:01:17.612 [00018348] [T] LiveUpdater.UpdaterEnvironment::GetSN()
2023-06-02 11:01:18.620 [00018348] [D] LiveUpdater.UpdaterEnvironment::UpdaterEnvironment(): SN: NHQFHSI0012110D5AF3400
2023-06-02 11:01:18.620 [00018348] [T] LiveUpdater.UpdaterEnvironment::GetKeyDim()
2023-06-02 11:01:18.621 [00018348] [D] LiveUpdater.UpdaterEnvironment::UpdaterEnvironment(): Local Directory: C:\ProgramData\Acer\updater2
2023-06-02 11:01:18.621 [00018348] [D] LiveUpdater.UpdaterEnvironment::UpdaterEnvironment(): FP URL: https://aluwsv2.acer.com/ServerInfo/EN/Nitro AN515-58/Nitro AN515-58_10M1_EN.xml
2023-06-02 11:01:18.621 [00018348] [D] LiveUpdater.UpdaterEnvironment::UpdaterEnvironment(): AP URL: https://aluwsv2.acer.com/ServerInfo/EN/ALU_APP/ALU_APP_10M1_EN.xml
2023-06-02 11:01:18.622 [00018348] [T] LiveUpdater.UpdaterEnvironment::GenPubkey()
2023-06-02 11:01:18.631 [00018348] [T] LiveUpdater.UpdaterEnvironment::GetMetaFile()
2023-06-02 11:01:18.632 [00018348] [T] LiveUpdater.UpdaterEnvironment::GetLastBootUpTime()
2023-06-02 11:01:18.754 [00018348] [D] LiveUpdater.UpdaterEnvironment::UpdaterEnvironment(): FUBDLR = 
2023-06-02 11:01:18.754 [00018348] [T] LiveUpdater.UpdaterEnvironment::GetLastBootUpTime()
2023-06-02 11:01:18.831 [00018348] [D] LiveUpdateChecker.MainWindow::InitializeCheckUpdates(): No need to be checked.
2023-06-02 11:01:18.831 [00018348] [T] LiveUpdateChecker.MainWindow::Close()
2023-06-02 11:01:18.864 [00022020] [T] LiveUpdateChecker.SingleInstance::ReleaseMutex()
2023-06-02 11:01:18.892 [00022020] [T] LiveUpdateChecker.SingleInstance::ReleaseMutex(), Exception: System.ApplicationException: Object synchronization method was called from an unsynchronized block of code.
   at System.Threading.Mutex.ReleaseMutex()
   at Acer.CareCenter.LiveUpdateChecker.SingleInstance.ReleaseMutex()
