2023-06-05 21:10:30.485 [00002920] [T] LiveUpdateChecker.App::App()
2023-06-05 21:10:30.489 [00002920] [T] LiveUpdateChecker.App::LoadResource()
2023-06-05 21:10:30.515 [00002920] [T] LiveUpdateChecker.App::IsSingleInstance()
2023-06-05 21:10:30.515 [00002920] [T] LiveUpdateChecker.SingleInstance::SingleInstance()
2023-06-05 21:10:30.548 [00002920] [T] LiveUpdateChecker.MainWindow::MainWindow()
2023-06-05 21:10:30.732 [00002920] [T] LiveUpdateChecker.MainWindow::Window_Initialized()
2023-06-05 21:10:30.741 [00002920] [T] LiveUpdateChecker.MainWindow::Hola()
2023-06-05 21:10:30.741 [00002920] [D] LiveUpdateChecker.MainWindow::Hola(): ACCHOLA()
2023-06-05 21:10:30.746 [00002920] [I] ACCHOLA::Program Initialization()
2023-06-05 21:10:30.754 [00002920] [I] ACCHOLA:GetSerialNumber()
2023-06-05 21:10:30.755 [00002920] [I] ACCHOLA:Get_WMI_Info()
2023-06-05 21:10:30.787 [00002920] [I] ACCHOLA:GetMachineType()
2023-06-05 21:10:30.820 [00002920] [I] ACCHOLA:ReadIni()
2023-06-05 21:10:30.820 [00002920] [I] ACCHOLA:ReadIni()::iniPath::C:\ProgramData\Acer\CareCenter\HOLA.ini
2023-06-05 21:10:30.834 [00002920] [I] ACCHOLA::Program Initialization(): No need to be checked HOLA AD Data.
2023-06-05 21:10:30.837 [00002920] [T] LiveUpdateChecker.MainWindow::InitializeCheckUpdates()
2023-06-05 21:10:30.838 [00002920] [T] LiveUpdater.UpdaterEnvironment::UpdaterEnvironment()
2023-06-05 21:10:30.845 [00002920] [T] LiveUpdater.UpdaterEnvironment::GetOSCode()
2023-06-05 21:10:30.845 [00002920] [D] LiveUpdater.UpdaterEnvironment::GetOSCode(): Version: 10.0.22621.0
2023-06-05 21:10:30.845 [00002920] [D] LiveUpdater.UpdaterEnvironment::GetOSCode(): Major Version: 10
2023-06-05 21:10:30.845 [00002920] [D] LiveUpdater.UpdaterEnvironment::GetOSCode(): Minor Version: 0
2023-06-05 21:10:30.854 [00002920] [D] LiveUpdater.UpdaterEnvironment::GetOSCode(): Can't find the matched OS code.
2023-06-05 21:10:30.854 [00002920] [D] LiveUpdater.UpdaterEnvironment::UpdaterEnvironment(): OS: 10M1
2023-06-05 21:10:30.855 [00002920] [T] LiveUpdater.UpdaterEnvironment::GetSupportedLangID()
2023-06-05 21:10:30.855 [00002920] [D] LiveUpdater.UpdaterEnvironment::UpdaterEnvironment(): Language: EN
2023-06-05 21:10:30.856 [00002920] [T] LiveUpdater.UpdaterEnvironment::GetModel()
2023-06-05 21:10:30.869 [00002920] [D] LiveUpdater.UpdaterEnvironment::UpdaterEnvironment(): Model: Nitro AN515-58
2023-06-05 21:10:30.870 [00002920] [T] LiveUpdater.UpdaterEnvironment::GetBrand()
2023-06-05 21:10:30.872 [00002920] [D] LiveUpdater.UpdaterEnvironment::UpdaterEnvironment(): Brand: Acer
2023-06-05 21:10:30.873 [00002920] [T] LiveUpdater.UpdaterEnvironment::GetUpdaterVer()
2023-06-05 21:10:30.873 [00002920] [D] LiveUpdater.UpdaterEnvironment::UpdaterEnvironment(): ACC Version: ACC_4.00.3042
2023-06-05 21:10:30.874 [00002920] [T] LiveUpdater.UpdaterEnvironment::GetUpdaterDwordVer()
2023-06-05 21:10:30.874 [00002920] [D] LiveUpdater.UpdaterEnvironment::UpdaterEnvironment(): ACC DWORD Version: 67111906
2023-06-05 21:10:30.875 [00002920] [T] LiveUpdater.UpdaterEnvironment::GetSN()
2023-06-05 21:10:31.894 [00002920] [D] LiveUpdater.UpdaterEnvironment::UpdaterEnvironment(): SN: NHQFHSI0012110D5AF3400
2023-06-05 21:10:31.895 [00002920] [T] LiveUpdater.UpdaterEnvironment::GetKeyDim()
2023-06-05 21:10:31.895 [00002920] [D] LiveUpdater.UpdaterEnvironment::UpdaterEnvironment(): Local Directory: C:\ProgramData\Acer\updater2
2023-06-05 21:10:31.902 [00002920] [D] LiveUpdater.UpdaterEnvironment::UpdaterEnvironment(): FP URL: https://aluwsv2.acer.com/ServerInfo/EN/Nitro AN515-58/Nitro AN515-58_10M1_EN.xml
2023-06-05 21:10:31.902 [00002920] [D] LiveUpdater.UpdaterEnvironment::UpdaterEnvironment(): AP URL: https://aluwsv2.acer.com/ServerInfo/EN/ALU_APP/ALU_APP_10M1_EN.xml
2023-06-05 21:10:31.905 [00002920] [T] LiveUpdater.UpdaterEnvironment::GenPubkey()
2023-06-05 21:10:31.911 [00002920] [T] LiveUpdater.UpdaterEnvironment::GetMetaFile()
2023-06-05 21:10:31.911 [00002920] [T] LiveUpdater.UpdaterEnvironment::GetLastBootUpTime()
2023-06-05 21:10:32.016 [00002920] [D] LiveUpdater.UpdaterEnvironment::UpdaterEnvironment(): FUBDLR = 
2023-06-05 21:10:32.016 [00002920] [T] LiveUpdater.UpdaterEnvironment::GetLastBootUpTime()
2023-06-05 21:10:32.076 [00002920] [D] LiveUpdateChecker.MainWindow::InitializeCheckUpdates(): No need to be checked.
2023-06-05 21:10:32.076 [00002920] [T] LiveUpdateChecker.MainWindow::Close()
2023-06-05 21:10:32.123 [00012644] [T] LiveUpdateChecker.SingleInstance::ReleaseMutex()
2023-06-05 21:10:32.128 [00012644] [T] LiveUpdateChecker.SingleInstance::ReleaseMutex(), Exception: System.ApplicationException: Object synchronization method was called from an unsynchronized block of code.
   at System.Threading.Mutex.ReleaseMutex()
   at Acer.CareCenter.LiveUpdateChecker.SingleInstance.ReleaseMutex()
