2023-06-07 13:46:59.118 [00002572] [T] LiveUpdateChecker.App::App()
2023-06-07 13:46:59.124 [00002572] [T] LiveUpdateChecker.App::LoadResource()
2023-06-07 13:46:59.172 [00002572] [T] LiveUpdateChecker.App::IsSingleInstance()
2023-06-07 13:46:59.173 [00002572] [T] LiveUpdateChecker.SingleInstance::SingleInstance()
2023-06-07 13:46:59.227 [00002572] [T] LiveUpdateChecker.MainWindow::MainWindow()
2023-06-07 13:46:59.433 [00002572] [T] LiveUpdateChecker.MainWindow::Window_Initialized()
2023-06-07 13:46:59.449 [00002572] [T] LiveUpdateChecker.MainWindow::Hola()
2023-06-07 13:46:59.449 [00002572] [D] LiveUpdateChecker.MainWindow::Hola(): ACCHOLA()
2023-06-07 13:46:59.454 [00002572] [I] ACCHOLA::Program Initialization()
2023-06-07 13:46:59.460 [00002572] [I] ACCHOLA:GetSerialNumber()
2023-06-07 13:46:59.461 [00002572] [I] ACCHOLA:Get_WMI_Info()
2023-06-07 13:46:59.520 [00002572] [I] ACCHOLA:GetMachineType()
2023-06-07 13:46:59.564 [00002572] [I] ACCHOLA:ReadIni()
2023-06-07 13:46:59.564 [00002572] [I] ACCHOLA:ReadIni()::iniPath::C:\ProgramData\Acer\CareCenter\HOLA.ini
2023-06-07 13:46:59.568 [00002572] [I] ACCHOLA::Program Initialization(): No need to be checked HOLA AD Data.
2023-06-07 13:46:59.571 [00002572] [T] LiveUpdateChecker.MainWindow::InitializeCheckUpdates()
2023-06-07 13:46:59.571 [00002572] [T] LiveUpdater.UpdaterEnvironment::UpdaterEnvironment()
2023-06-07 13:46:59.583 [00002572] [T] LiveUpdater.UpdaterEnvironment::GetOSCode()
2023-06-07 13:46:59.583 [00002572] [D] LiveUpdater.UpdaterEnvironment::GetOSCode(): Version: 10.0.22621.0
2023-06-07 13:46:59.583 [00002572] [D] LiveUpdater.UpdaterEnvironment::GetOSCode(): Major Version: 10
2023-06-07 13:46:59.583 [00002572] [D] LiveUpdater.UpdaterEnvironment::GetOSCode(): Minor Version: 0
2023-06-07 13:46:59.600 [00002572] [D] LiveUpdater.UpdaterEnvironment::GetOSCode(): Can't find the matched OS code.
2023-06-07 13:46:59.600 [00002572] [D] LiveUpdater.UpdaterEnvironment::UpdaterEnvironment(): OS: 10M1
2023-06-07 13:46:59.600 [00002572] [T] LiveUpdater.UpdaterEnvironment::GetSupportedLangID()
2023-06-07 13:46:59.600 [00002572] [D] LiveUpdater.UpdaterEnvironment::UpdaterEnvironment(): Language: EN
2023-06-07 13:46:59.602 [00002572] [T] LiveUpdater.UpdaterEnvironment::GetModel()
2023-06-07 13:46:59.621 [00002572] [D] LiveUpdater.UpdaterEnvironment::UpdaterEnvironment(): Model: Nitro AN515-58
2023-06-07 13:46:59.623 [00002572] [T] LiveUpdater.UpdaterEnvironment::GetBrand()
2023-06-07 13:46:59.624 [00002572] [D] LiveUpdater.UpdaterEnvironment::UpdaterEnvironment(): Brand: Acer
2023-06-07 13:46:59.625 [00002572] [T] LiveUpdater.UpdaterEnvironment::GetUpdaterVer()
2023-06-07 13:46:59.626 [00002572] [D] LiveUpdater.UpdaterEnvironment::UpdaterEnvironment(): ACC Version: ACC_4.00.3042
2023-06-07 13:46:59.626 [00002572] [T] LiveUpdater.UpdaterEnvironment::GetUpdaterDwordVer()
2023-06-07 13:46:59.627 [00002572] [D] LiveUpdater.UpdaterEnvironment::UpdaterEnvironment(): ACC DWORD Version: 67111906
2023-06-07 13:46:59.627 [00002572] [T] LiveUpdater.UpdaterEnvironment::GetSN()
2023-06-07 13:47:00.635 [00002572] [D] LiveUpdater.UpdaterEnvironment::UpdaterEnvironment(): SN: NHQFHSI0012110D5AF3400
2023-06-07 13:47:00.635 [00002572] [T] LiveUpdater.UpdaterEnvironment::GetKeyDim()
2023-06-07 13:47:00.636 [00002572] [D] LiveUpdater.UpdaterEnvironment::UpdaterEnvironment(): Local Directory: C:\ProgramData\Acer\updater2
2023-06-07 13:47:00.642 [00002572] [D] LiveUpdater.UpdaterEnvironment::UpdaterEnvironment(): FP URL: https://aluwsv2.acer.com/ServerInfo/EN/Nitro AN515-58/Nitro AN515-58_10M1_EN.xml
2023-06-07 13:47:00.642 [00002572] [D] LiveUpdater.UpdaterEnvironment::UpdaterEnvironment(): AP URL: https://aluwsv2.acer.com/ServerInfo/EN/ALU_APP/ALU_APP_10M1_EN.xml
2023-06-07 13:47:00.643 [00002572] [T] LiveUpdater.UpdaterEnvironment::GenPubkey()
2023-06-07 13:47:00.646 [00002572] [T] LiveUpdater.UpdaterEnvironment::GetMetaFile()
2023-06-07 13:47:00.647 [00002572] [T] LiveUpdater.UpdaterEnvironment::GetLastBootUpTime()
2023-06-07 13:47:00.845 [00002572] [D] LiveUpdater.UpdaterEnvironment::UpdaterEnvironment(): FUBDLR = 
2023-06-07 13:47:00.845 [00002572] [T] LiveUpdater.UpdaterEnvironment::GetLastBootUpTime()
2023-06-07 13:47:00.976 [00002572] [D] LiveUpdateChecker.MainWindow::InitializeCheckUpdates(): No need to be checked.
2023-06-07 13:47:00.976 [00002572] [T] LiveUpdateChecker.MainWindow::Close()
2023-06-07 13:47:01.011 [00013896] [T] LiveUpdateChecker.SingleInstance::ReleaseMutex()
2023-06-07 13:47:01.026 [00013896] [T] LiveUpdateChecker.SingleInstance::ReleaseMutex(), Exception: System.ApplicationException: Object synchronization method was called from an unsynchronized block of code.
   at System.Threading.Mutex.ReleaseMutex()
   at Acer.CareCenter.LiveUpdateChecker.SingleInstance.ReleaseMutex()
