2023-05-30 21:19:16.348 [00016736] [T] LiveUpdateChecker.App::App()
2023-05-30 21:19:16.406 [00016736] [T] LiveUpdateChecker.App::LoadResource()
2023-05-30 21:19:16.919 [00016736] [T] LiveUpdateChecker.App::IsSingleInstance()
2023-05-30 21:19:16.927 [00016736] [T] LiveUpdateChecker.SingleInstance::SingleInstance()
2023-05-30 21:19:17.089 [00016736] [T] LiveUpdateChecker.MainWindow::MainWindow()
2023-05-30 21:19:19.315 [00016736] [T] LiveUpdateChecker.MainWindow::Window_Initialized()
2023-05-30 21:19:19.316 [00016736] [D] LiveUpdateChecker.MainWindow::Window_Initialized(): Full screen detected.
2023-05-30 21:19:19.532 [00016736] [T] LiveUpdateChecker.MainWindow::Hola()
2023-05-30 21:19:19.532 [00016736] [D] LiveUpdateChecker.MainWindow::Hola(): ACCHOLA()
2023-05-30 21:19:19.587 [00016736] [I] ACCHOLA::Program Initialization()
2023-05-30 21:19:19.725 [00016736] [I] ACCHOLA:GetSerialNumber()
2023-05-30 21:19:19.726 [00016736] [I] ACCHOLA:Get_WMI_Info()
2023-05-30 21:19:19.912 [00016736] [I] ACCHOLA:GetMachineType()
2023-05-30 21:19:20.046 [00016736] [I] ACCHOLA:ReadIni()
2023-05-30 21:19:20.046 [00016736] [I] ACCHOLA:ReadIni()::iniPath::C:\ProgramData\Acer\CareCenter\HOLA.ini
2023-05-30 21:19:20.070 [00016736] [I] ACCHOLA::Program Initialization(): No need to be checked HOLA AD Data.
2023-05-30 21:19:20.101 [00016736] [T] LiveUpdateChecker.MainWindow::InitializeCheckUpdates()
2023-05-30 21:19:20.103 [00016736] [T] LiveUpdater.UpdaterEnvironment::UpdaterEnvironment()
2023-05-30 21:19:20.204 [00016736] [T] LiveUpdater.UpdaterEnvironment::GetOSCode()
2023-05-30 21:19:20.204 [00016736] [D] LiveUpdater.UpdaterEnvironment::GetOSCode(): Version: 10.0.22621.0
2023-05-30 21:19:20.204 [00016736] [D] LiveUpdater.UpdaterEnvironment::GetOSCode(): Major Version: 10
2023-05-30 21:19:20.204 [00016736] [D] LiveUpdater.UpdaterEnvironment::GetOSCode(): Minor Version: 0
2023-05-30 21:19:20.241 [00016736] [D] LiveUpdater.UpdaterEnvironment::GetOSCode(): Can't find the matched OS code.
2023-05-30 21:19:20.241 [00016736] [D] LiveUpdater.UpdaterEnvironment::UpdaterEnvironment(): OS: 10M1
2023-05-30 21:19:20.242 [00016736] [T] LiveUpdater.UpdaterEnvironment::GetSupportedLangID()
2023-05-30 21:19:20.242 [00016736] [D] LiveUpdater.UpdaterEnvironment::UpdaterEnvironment(): Language: EN
2023-05-30 21:19:20.243 [00016736] [T] LiveUpdater.UpdaterEnvironment::GetModel()
2023-05-30 21:19:20.266 [00016736] [D] LiveUpdater.UpdaterEnvironment::UpdaterEnvironment(): Model: Nitro AN515-58
2023-05-30 21:19:20.268 [00016736] [T] LiveUpdater.UpdaterEnvironment::GetBrand()
2023-05-30 21:19:20.268 [00016736] [D] LiveUpdater.UpdaterEnvironment::UpdaterEnvironment(): Brand: Acer
2023-05-30 21:19:20.276 [00016736] [T] LiveUpdater.UpdaterEnvironment::GetUpdaterVer()
2023-05-30 21:19:20.277 [00016736] [D] LiveUpdater.UpdaterEnvironment::UpdaterEnvironment(): ACC Version: ACC_4.00.3042
2023-05-30 21:19:20.278 [00016736] [T] LiveUpdater.UpdaterEnvironment::GetUpdaterDwordVer()
2023-05-30 21:19:20.278 [00016736] [D] LiveUpdater.UpdaterEnvironment::UpdaterEnvironment(): ACC DWORD Version: 67111906
2023-05-30 21:19:20.279 [00016736] [T] LiveUpdater.UpdaterEnvironment::GetSN()
2023-05-30 21:19:21.288 [00016736] [D] LiveUpdater.UpdaterEnvironment::UpdaterEnvironment(): SN: NHQFHSI0012110D5AF3400
2023-05-30 21:19:21.288 [00016736] [T] LiveUpdater.UpdaterEnvironment::GetKeyDim()
2023-05-30 21:19:21.293 [00016736] [D] LiveUpdater.UpdaterEnvironment::UpdaterEnvironment(): Local Directory: C:\ProgramData\Acer\updater2
2023-05-30 21:19:21.318 [00016736] [D] LiveUpdater.UpdaterEnvironment::UpdaterEnvironment(): FP URL: https://aluwsv2.acer.com/ServerInfo/EN/Nitro AN515-58/Nitro AN515-58_10M1_EN.xml
2023-05-30 21:19:21.318 [00016736] [D] LiveUpdater.UpdaterEnvironment::UpdaterEnvironment(): AP URL: https://aluwsv2.acer.com/ServerInfo/EN/ALU_APP/ALU_APP_10M1_EN.xml
2023-05-30 21:19:21.319 [00016736] [T] LiveUpdater.UpdaterEnvironment::GenPubkey()
2023-05-30 21:19:21.320 [00016736] [T] LiveUpdater.UpdaterEnvironment::GetMetaFile()
2023-05-30 21:19:21.321 [00016736] [T] LiveUpdater.UpdaterEnvironment::GetLastBootUpTime()
2023-05-30 21:19:21.393 [00016736] [D] LiveUpdater.UpdaterEnvironment::UpdaterEnvironment(): FUBDLR = 
2023-05-30 21:19:21.393 [00016736] [T] LiveUpdater.UpdaterEnvironment::GetLastBootUpTime()
2023-05-30 21:19:21.439 [00016736] [D] LiveUpdateChecker.MainWindow::InitializeCheckUpdates(): No need to be checked.
2023-05-30 21:19:21.440 [00016736] [T] LiveUpdateChecker.MainWindow::Close()
2023-05-30 21:19:21.501 [00021488] [T] LiveUpdateChecker.SingleInstance::ReleaseMutex()
2023-05-30 21:19:21.516 [00021488] [T] LiveUpdateChecker.SingleInstance::ReleaseMutex(), Exception: System.ApplicationException: Object synchronization method was called from an unsynchronized block of code.
   at System.Threading.Mutex.ReleaseMutex()
   at Acer.CareCenter.LiveUpdateChecker.SingleInstance.ReleaseMutex()
