2023-06-03 02:37:39.584 [00013348] [T] LiveUpdateChecker.App::App()
2023-06-03 02:37:39.597 [00013348] [T] LiveUpdateChecker.App::LoadResource()
2023-06-03 02:37:39.678 [00013348] [T] LiveUpdateChecker.App::IsSingleInstance()
2023-06-03 02:37:39.699 [00013348] [T] LiveUpdateChecker.SingleInstance::SingleInstance()
2023-06-03 02:37:39.795 [00013348] [T] LiveUpdateChecker.MainWindow::MainWindow()
2023-06-03 02:37:43.160 [00013348] [T] LiveUpdateChecker.MainWindow::Window_Initialized()
2023-06-03 02:37:43.330 [00013348] [T] LiveUpdateChecker.MainWindow::Hola()
2023-06-03 02:37:43.330 [00013348] [D] LiveUpdateChecker.MainWindow::Hola(): ACCHOLA()
2023-06-03 02:37:43.403 [00013348] [I] ACCHOLA::Program Initialization()
2023-06-03 02:37:43.525 [00013348] [I] ACCHOLA:GetSerialNumber()
2023-06-03 02:37:43.527 [00013348] [I] ACCHOLA:Get_WMI_Info()
2023-06-03 02:37:43.805 [00013348] [I] ACCHOLA:GetMachineType()
2023-06-03 02:37:43.979 [00013348] [I] ACCHOLA:ReadIni()
2023-06-03 02:37:43.979 [00013348] [I] ACCHOLA:ReadIni()::iniPath::C:\ProgramData\Acer\CareCenter\HOLA.ini
2023-06-03 02:37:44.004 [00013348] [I] ACCHOLA::Program Initialization(): No need to be checked HOLA AD Data.
2023-06-03 02:37:44.012 [00013348] [T] LiveUpdateChecker.MainWindow::InitializeCheckUpdates()
2023-06-03 02:37:44.015 [00013348] [T] LiveUpdater.UpdaterEnvironment::UpdaterEnvironment()
2023-06-03 02:37:44.076 [00013348] [T] LiveUpdater.UpdaterEnvironment::GetOSCode()
2023-06-03 02:37:44.076 [00013348] [D] LiveUpdater.UpdaterEnvironment::GetOSCode(): Version: 10.0.22621.0
2023-06-03 02:37:44.076 [00013348] [D] LiveUpdater.UpdaterEnvironment::GetOSCode(): Major Version: 10
2023-06-03 02:37:44.076 [00013348] [D] LiveUpdater.UpdaterEnvironment::GetOSCode(): Minor Version: 0
2023-06-03 02:37:44.128 [00013348] [D] LiveUpdater.UpdaterEnvironment::GetOSCode(): Can't find the matched OS code.
2023-06-03 02:37:44.128 [00013348] [D] LiveUpdater.UpdaterEnvironment::UpdaterEnvironment(): OS: 10M1
2023-06-03 02:37:44.129 [00013348] [T] LiveUpdater.UpdaterEnvironment::GetSupportedLangID()
2023-06-03 02:37:44.130 [00013348] [D] LiveUpdater.UpdaterEnvironment::UpdaterEnvironment(): Language: EN
2023-06-03 02:37:44.131 [00013348] [T] LiveUpdater.UpdaterEnvironment::GetModel()
2023-06-03 02:37:44.179 [00013348] [D] LiveUpdater.UpdaterEnvironment::UpdaterEnvironment(): Model: Nitro AN515-58
2023-06-03 02:37:44.183 [00013348] [T] LiveUpdater.UpdaterEnvironment::GetBrand()
2023-06-03 02:37:44.184 [00013348] [D] LiveUpdater.UpdaterEnvironment::UpdaterEnvironment(): Brand: Acer
2023-06-03 02:37:44.189 [00013348] [T] LiveUpdater.UpdaterEnvironment::GetUpdaterVer()
2023-06-03 02:37:44.192 [00013348] [D] LiveUpdater.UpdaterEnvironment::UpdaterEnvironment(): ACC Version: ACC_4.00.3042
2023-06-03 02:37:44.194 [00013348] [T] LiveUpdater.UpdaterEnvironment::GetUpdaterDwordVer()
2023-06-03 02:37:44.194 [00013348] [D] LiveUpdater.UpdaterEnvironment::UpdaterEnvironment(): ACC DWORD Version: 67111906
2023-06-03 02:37:44.195 [00013348] [T] LiveUpdater.UpdaterEnvironment::GetSN()
2023-06-03 02:37:45.210 [00013348] [D] LiveUpdater.UpdaterEnvironment::UpdaterEnvironment(): SN: NHQFHSI0012110D5AF3400
2023-06-03 02:37:45.210 [00013348] [T] LiveUpdater.UpdaterEnvironment::GetKeyDim()
2023-06-03 02:37:45.211 [00013348] [D] LiveUpdater.UpdaterEnvironment::UpdaterEnvironment(): Local Directory: C:\ProgramData\Acer\updater2
2023-06-03 02:37:45.213 [00013348] [D] LiveUpdater.UpdaterEnvironment::UpdaterEnvironment(): FP URL: https://aluwsv2.acer.com/ServerInfo/EN/Nitro AN515-58/Nitro AN515-58_10M1_EN.xml
2023-06-03 02:37:45.213 [00013348] [D] LiveUpdater.UpdaterEnvironment::UpdaterEnvironment(): AP URL: https://aluwsv2.acer.com/ServerInfo/EN/ALU_APP/ALU_APP_10M1_EN.xml
2023-06-03 02:37:45.214 [00013348] [T] LiveUpdater.UpdaterEnvironment::GenPubkey()
2023-06-03 02:37:45.224 [00013348] [T] LiveUpdater.UpdaterEnvironment::GetMetaFile()
2023-06-03 02:37:45.226 [00013348] [T] LiveUpdater.UpdaterEnvironment::GetLastBootUpTime()
2023-06-03 02:37:45.580 [00013348] [D] LiveUpdater.UpdaterEnvironment::UpdaterEnvironment(): FUBDLR = 
2023-06-03 02:37:45.580 [00013348] [T] LiveUpdater.UpdaterEnvironment::GetLastBootUpTime()
2023-06-03 02:37:45.867 [00013348] [D] LiveUpdateChecker.MainWindow::InitializeCheckUpdates(): No need to be checked.
2023-06-03 02:37:45.868 [00013348] [T] LiveUpdateChecker.MainWindow::Close()
2023-06-03 02:37:46.010 [00032228] [T] LiveUpdateChecker.SingleInstance::ReleaseMutex()
2023-06-03 02:37:46.074 [00032228] [T] LiveUpdateChecker.SingleInstance::ReleaseMutex(), Exception: System.ApplicationException: Object synchronization method was called from an unsynchronized block of code.
   at System.Threading.Mutex.ReleaseMutex()
   at Acer.CareCenter.LiveUpdateChecker.SingleInstance.ReleaseMutex()
