2023-05-30 11:06:22.845 [00002836] [T] LiveUpdateChecker.App::App()
2023-05-30 11:06:22.847 [00002836] [T] LiveUpdateChecker.App::LoadResource()
2023-05-30 11:06:22.862 [00002836] [T] LiveUpdateChecker.App::IsSingleInstance()
2023-05-30 11:06:22.863 [00002836] [T] LiveUpdateChecker.SingleInstance::SingleInstance()
2023-05-30 11:06:22.890 [00002836] [T] LiveUpdateChecker.MainWindow::MainWindow()
2023-05-30 11:06:22.965 [00002836] [T] LiveUpdateChecker.MainWindow::Window_Initialized()
2023-05-30 11:06:22.972 [00002836] [T] LiveUpdateChecker.MainWindow::Hola()
2023-05-30 11:06:22.972 [00002836] [D] LiveUpdateChecker.MainWindow::Hola(): ACCHOLA()
2023-05-30 11:06:22.974 [00002836] [I] ACCHOLA::Program Initialization()
2023-05-30 11:06:22.976 [00002836] [I] ACCHOLA:GetSerialNumber()
2023-05-30 11:06:22.976 [00002836] [I] ACCHOLA:Get_WMI_Info()
2023-05-30 11:06:23.005 [00002836] [I] ACCHOLA:GetMachineType()
2023-05-30 11:06:23.052 [00002836] [I] ACCHOLA:ReadIni()
2023-05-30 11:06:23.052 [00002836] [I] ACCHOLA:ReadIni()::iniPath::C:\ProgramData\Acer\CareCenter\HOLA.ini
2023-05-30 11:06:23.057 [00002836] [I] ACCHOLA::Program Initialization(): No need to be checked HOLA AD Data.
2023-05-30 11:06:23.058 [00002836] [T] LiveUpdateChecker.MainWindow::InitializeCheckUpdates()
2023-05-30 11:06:23.060 [00002836] [T] LiveUpdater.UpdaterEnvironment::UpdaterEnvironment()
2023-05-30 11:06:23.064 [00002836] [T] LiveUpdater.UpdaterEnvironment::GetOSCode()
2023-05-30 11:06:23.064 [00002836] [D] LiveUpdater.UpdaterEnvironment::GetOSCode(): Version: 10.0.22621.0
2023-05-30 11:06:23.064 [00002836] [D] LiveUpdater.UpdaterEnvironment::GetOSCode(): Major Version: 10
2023-05-30 11:06:23.064 [00002836] [D] LiveUpdater.UpdaterEnvironment::GetOSCode(): Minor Version: 0
2023-05-30 11:06:23.074 [00002836] [D] LiveUpdater.UpdaterEnvironment::GetOSCode(): Can't find the matched OS code.
2023-05-30 11:06:23.074 [00002836] [D] LiveUpdater.UpdaterEnvironment::UpdaterEnvironment(): OS: 10M1
2023-05-30 11:06:23.075 [00002836] [T] LiveUpdater.UpdaterEnvironment::GetSupportedLangID()
2023-05-30 11:06:23.075 [00002836] [D] LiveUpdater.UpdaterEnvironment::UpdaterEnvironment(): Language: EN
2023-05-30 11:06:23.075 [00002836] [T] LiveUpdater.UpdaterEnvironment::GetModel()
2023-05-30 11:06:23.089 [00002836] [D] LiveUpdater.UpdaterEnvironment::UpdaterEnvironment(): Model: Nitro AN515-58
2023-05-30 11:06:23.091 [00002836] [T] LiveUpdater.UpdaterEnvironment::GetBrand()
2023-05-30 11:06:23.091 [00002836] [D] LiveUpdater.UpdaterEnvironment::UpdaterEnvironment(): Brand: Acer
2023-05-30 11:06:23.093 [00002836] [T] LiveUpdater.UpdaterEnvironment::GetUpdaterVer()
2023-05-30 11:06:23.093 [00002836] [D] LiveUpdater.UpdaterEnvironment::UpdaterEnvironment(): ACC Version: ACC_4.00.3042
2023-05-30 11:06:23.094 [00002836] [T] LiveUpdater.UpdaterEnvironment::GetUpdaterDwordVer()
2023-05-30 11:06:23.094 [00002836] [D] LiveUpdater.UpdaterEnvironment::UpdaterEnvironment(): ACC DWORD Version: 67111906
2023-05-30 11:06:23.094 [00002836] [T] LiveUpdater.UpdaterEnvironment::GetSN()
2023-05-30 11:06:24.102 [00002836] [D] LiveUpdater.UpdaterEnvironment::UpdaterEnvironment(): SN: NHQFHSI0012110D5AF3400
2023-05-30 11:06:24.103 [00002836] [T] LiveUpdater.UpdaterEnvironment::GetKeyDim()
2023-05-30 11:06:24.103 [00002836] [D] LiveUpdater.UpdaterEnvironment::UpdaterEnvironment(): Local Directory: C:\ProgramData\Acer\updater2
2023-05-30 11:06:24.115 [00002836] [D] LiveUpdater.UpdaterEnvironment::UpdaterEnvironment(): FP URL: https://aluwsv2.acer.com/ServerInfo/EN/Nitro AN515-58/Nitro AN515-58_10M1_EN.xml
2023-05-30 11:06:24.115 [00002836] [D] LiveUpdater.UpdaterEnvironment::UpdaterEnvironment(): AP URL: https://aluwsv2.acer.com/ServerInfo/EN/ALU_APP/ALU_APP_10M1_EN.xml
2023-05-30 11:06:24.116 [00002836] [T] LiveUpdater.UpdaterEnvironment::GenPubkey()
2023-05-30 11:06:24.118 [00002836] [T] LiveUpdater.UpdaterEnvironment::GetMetaFile()
2023-05-30 11:06:24.119 [00002836] [T] LiveUpdater.UpdaterEnvironment::GetLastBootUpTime()
2023-05-30 11:06:24.217 [00002836] [D] LiveUpdater.UpdaterEnvironment::UpdaterEnvironment(): FUBDLR = 
2023-05-30 11:06:24.217 [00002836] [T] LiveUpdater.UpdaterEnvironment::GetLastBootUpTime()
2023-05-30 11:06:24.300 [00002836] [T] LiveUpdater.Updates::UpgradeHistoryInit()
2023-05-30 11:06:24.300 [00002836] [T] LiveUpdater.UpdateItem::UpdateItem()
2023-05-30 11:06:24.303 [00002836] [T] LiveUpdater.UpdateItem::GetPackageStatus()
2023-05-30 11:06:24.316 [00002836] [T] LiveUpdater.UpdateItem::UpdateItem()
2023-05-30 11:06:24.316 [00002836] [T] LiveUpdater.UpdateItem::GetPackageStatus()
2023-05-30 11:06:24.317 [00002836] [T] LiveUpdater.UpdateItem::UpdateItem()
2023-05-30 11:06:24.317 [00002836] [T] LiveUpdater.UpdateItem::GetPackageStatus()
2023-05-30 11:06:24.317 [00002836] [T] LiveUpdater.UpdateItem::UpdateItem()
2023-05-30 11:06:24.317 [00002836] [T] LiveUpdater.UpdateItem::GetPackageStatus()
2023-05-30 11:06:24.318 [00002836] [T] LiveUpdater.UpdateItem::UpdateItem()
2023-05-30 11:06:24.318 [00002836] [T] LiveUpdater.UpdateItem::GetPackageStatus()
2023-05-30 11:06:24.318 [00002836] [T] LiveUpdater.UpdateItem::UpdateItem()
2023-05-30 11:06:24.318 [00002836] [T] LiveUpdater.UpdateItem::GetPackageStatus()
2023-05-30 11:06:24.319 [00002836] [T] LiveUpdater.UpdateItem::UpdateItem()
2023-05-30 11:06:24.319 [00002836] [T] LiveUpdater.UpdateItem::GetPackageStatus()
2023-05-30 11:06:24.319 [00002836] [T] LiveUpdater.UpdateItem::UpdateItem()
2023-05-30 11:06:24.319 [00002836] [T] LiveUpdater.UpdateItem::GetPackageStatus()
2023-05-30 11:06:24.320 [00002836] [T] LiveUpdater.UpdateItem::UpdateItem()
2023-05-30 11:06:24.320 [00002836] [T] LiveUpdater.UpdateItem::GetPackageStatus()
2023-05-30 11:06:24.321 [00002836] [T] LiveUpdater.Updates::HiddenHistoryInit()
2023-05-30 11:06:24.321 [00002836] [T] LiveUpdater.UpdateItem::UpdateItem()
2023-05-30 11:06:24.321 [00002836] [T] LiveUpdater.UpdateItem::GetPackageStatus()
2023-05-30 11:06:24.322 [00002836] [T] LiveUpdater.UpdateItem::UpdateItem()
2023-05-30 11:06:24.322 [00002836] [T] LiveUpdater.UpdateItem::GetPackageStatus()
2023-05-30 11:06:24.322 [00002836] [T] LiveUpdater.UpdateItem::UpdateItem()
2023-05-30 11:06:24.322 [00002836] [T] LiveUpdater.UpdateItem::GetPackageStatus()
2023-05-30 11:06:24.322 [00002836] [T] LiveUpdater.UpdateItem::UpdateItem()
2023-05-30 11:06:24.322 [00002836] [T] LiveUpdater.UpdateItem::GetPackageStatus()
2023-05-30 11:06:24.322 [00002836] [T] LiveUpdater.UpdateItem::UpdateItem()
2023-05-30 11:06:24.322 [00002836] [T] LiveUpdater.UpdateItem::GetPackageStatus()
2023-05-30 11:06:24.322 [00002836] [T] LiveUpdater.UpdateItem::UpdateItem()
2023-05-30 11:06:24.322 [00002836] [T] LiveUpdater.UpdateItem::GetPackageStatus()
2023-05-30 11:06:24.322 [00002836] [T] LiveUpdater.UpdateItem::UpdateItem()
2023-05-30 11:06:24.322 [00002836] [T] LiveUpdater.UpdateItem::GetPackageStatus()
2023-05-30 11:06:24.322 [00002836] [T] LiveUpdater.UpdateItem::UpdateItem()
2023-05-30 11:06:24.322 [00002836] [T] LiveUpdater.UpdateItem::GetPackageStatus()
2023-05-30 11:06:24.323 [00002836] [T] LiveUpdater.UpdateItem::UpdateItem()
2023-05-30 11:06:24.323 [00002836] [T] LiveUpdater.UpdateItem::GetPackageStatus()
2023-05-30 11:06:24.327 [00002836] [T] LiveUpdater.LiveUpdateManager::CheckUpdates()
2023-05-30 11:06:24.329 [00001720] [T] LiveUpdater.LiveUpdateManager::Worker()
2023-05-30 11:06:24.329 [00002836] [T] LiveUpdater.Report::AddFPToResult()
2023-05-30 11:06:24.333 [00001720] [T] LiveUpdater.CheckUpdatesJob::CheckUpdatesJob()
2023-05-30 11:06:24.333 [00001720] [T] LiveUpdater.CheckUpdatesJob::CheckUpdatesJob()
2023-05-30 11:06:24.334 [00002836] [I] [ALU Report] OBJID -> , FixpackName -> User behavior, GUID -> , URL -> , RETURNEDCODE -> 0, Message -> Auto-check updates
2023-05-30 11:06:24.334 [00001720] [T] LiveUpdater.CheckUpdatesJob::Start()
2023-05-30 11:06:24.334 [00001720] [T] LiveUpdater.CheckUpdatesJob::Start()
2023-05-30 11:06:24.334 [00002836] [T] LiveUpdater.Report::SendReport()
2023-05-30 11:06:24.335 [00020464] [T] LiveUpdater.CheckUpdatesJob::Worker()
2023-05-30 11:06:24.335 [00020464] [D] LiveUpdater.CheckUpdatesJob::Worker(): Ready to call CheckForUpdate()
2023-05-30 11:06:24.337 [00002836] [T] LiveUpdater.Report::GetStringSHA1HashCode()
2023-05-30 11:06:24.337 [00020464] [T] LiveUpdater.GetDriverXML::CheckForUpdate()
2023-05-30 11:06:24.337 [00020464] [T] LiveUpdater.GetDriverXML::GetStringSHA1HashCode()
2023-05-30 11:06:24.337 [00002836] [T] LiveUpdater.Report::BuildStr_UserAgent_V2()
2023-05-30 11:06:24.337 [00002836] [T] LiveUpdater.Report::GetStringSHA1HashCode()
2023-05-30 11:06:24.338 [00020464] [T] LiveUpdater.GetDriverXML::BuildStr_UserAgent()
2023-05-30 11:06:24.338 [00020464] [T] LiveUpdater.GetDriverXML::GetStringSHA1HashCode()
2023-05-30 11:06:24.338 [00002836] [T] LiveUpdater.Report::BuildStr_Acer_V2()
2023-05-30 11:06:24.338 [00002836] [T] LiveUpdater.Report::GetStringSHA1HashCode()
2023-05-30 11:06:24.338 [00002836] [T] LiveUpdater.Report::BuildStr_Acer_V2()
2023-05-30 11:06:24.338 [00002836] [T] LiveUpdater.Report::GetStringSHA1HashCode()
2023-05-30 11:06:24.338 [00020464] [T] LiveUpdater.GetDriverXML::BuildStr_Acer()
2023-05-30 11:06:24.338 [00020464] [T] LiveUpdater.GetDriverXML::GetStringSHA1HashCode()
2023-05-30 11:06:24.339 [00002836] [T] LiveUpdater.Report::PostResult()
2023-05-30 11:06:24.339 [00020464] [T] LiveUpdater.GetDriverXML::GetPlatformInfo()
2023-05-30 11:06:24.342 [00001280] [T] LiveUpdater.CheckUpdatesJob::Worker()
2023-05-30 11:06:24.342 [00001280] [D] LiveUpdater.CheckUpdatesJob::Worker(): Ready to call CheckForUpdate()
2023-05-30 11:06:24.342 [00001280] [T] LiveUpdater.GetDriverXML::CheckForUpdate()
2023-05-30 11:06:24.343 [00001280] [T] LiveUpdater.GetDriverXML::GetFileSHA1HashCode()
2023-05-30 11:06:24.343 [00001280] [T] LiveUpdater.GetDriverXML::BuildStr_UserAgent()
2023-05-30 11:06:24.343 [00001280] [T] LiveUpdater.GetDriverXML::GetStringSHA1HashCode()
2023-05-30 11:06:24.343 [00001280] [T] LiveUpdater.GetDriverXML::BuildStr_Acer()
2023-05-30 11:06:24.343 [00001280] [T] LiveUpdater.GetDriverXML::GetStringSHA1HashCode()
2023-05-30 11:06:24.343 [00001280] [T] LiveUpdater.GetDriverXML::GetPlatformInfo()
2023-05-30 11:06:24.350 [00020464] [D] LiveUpdater.GetDriverXML::GetPlatformInfo(): Acer: 1DA39A3EE5E6B4B0D3255BFEF95601890AFD807092A0387A40F11EE1E9
2023-05-30 11:06:24.350 [00020464] [D] LiveUpdater.GetDriverXML::GetPlatformInfo(): SN: NHQFHSI0012110D5AF3400
2023-05-30 11:06:24.350 [00020464] [D] LiveUpdater.GetDriverXML::GetPlatformInfo(): RT: 1
2023-05-30 11:06:24.350 [00020464] [D] LiveUpdater.GetDriverXML::GetPlatformInfo(): Call BeginGetResponse.
2023-05-30 11:06:24.350 [00001280] [D] LiveUpdater.GetDriverXML::GetPlatformInfo(): Acer: 179167B16C71944B5396A4DE9FF897A82551FE9428BC9F34FE29ACC4F5
2023-05-30 11:06:24.350 [00001280] [D] LiveUpdater.GetDriverXML::GetPlatformInfo(): SN: NHQFHSI0012110D5AF3400
2023-05-30 11:06:24.350 [00001280] [D] LiveUpdater.GetDriverXML::GetPlatformInfo(): RT: 1
2023-05-30 11:06:24.350 [00001280] [D] LiveUpdater.GetDriverXML::GetPlatformInfo(): Call BeginGetResponse.
2023-05-30 11:06:24.468 [00001280] [D] LiveUpdater.CheckUpdatesJob::Worker(): Waitng for callback.
2023-05-30 11:06:24.468 [00020464] [D] LiveUpdater.CheckUpdatesJob::Worker(): Waitng for callback.
2023-05-30 11:06:25.589 [00013832] [T] LiveUpdater.GetDriverXML::RespCallback()
2023-05-30 11:06:25.589 [00013832] [T] LiveUpdater.GetDriverXML::ReadAllBytesFromStream()
2023-05-30 11:06:25.592 [00018020] [T] LiveUpdater.GetDriverXML::RespCallback()
2023-05-30 11:06:25.592 [00013832] [T] LiveUpdater.Report::ReadCallback()
2023-05-30 11:06:25.596 [00018020] [T] LiveUpdater.GetDriverXML::ParseXML()
2023-05-30 11:06:25.596 [00018020] [T] LiveUpdater.UpdateItem::UpdateItem()
2023-05-30 11:06:25.596 [00018020] [T] LiveUpdater.UpdateItem::GetPackageStatus()
2023-05-30 11:06:25.596 [00018020] [T] LiveUpdater.UpdateItem::UpdateItem()
2023-05-30 11:06:25.596 [00018020] [T] LiveUpdater.UpdateItem::GetPackageStatus()
2023-05-30 11:06:25.597 [00018020] [T] LiveUpdater.UpdateItem::UpdateItem()
2023-05-30 11:06:25.597 [00018020] [T] LiveUpdater.UpdateItem::GetPackageStatus()
2023-05-30 11:06:25.598 [00018020] [T] LiveUpdater.UpdateItem::UpdateItem()
2023-05-30 11:06:25.598 [00018020] [T] LiveUpdater.UpdateItem::GetPackageStatus()
2023-05-30 11:06:25.598 [00018020] [T] LiveUpdater.UpdateItem::UpdateItem()
2023-05-30 11:06:25.598 [00018020] [T] LiveUpdater.UpdateItem::GetPackageStatus()
2023-05-30 11:06:25.602 [00018020] [T] LiveUpdater.CheckUpdatesJob::GetManifestCallBack()
2023-05-30 11:06:25.603 [00018020] [T] LiveUpdater.CheckUpdatesJob::GetAcerMsg()
2023-05-30 11:06:25.603 [00018020] [T] LiveUpdater.UpdateItem::UpdateItem()
2023-05-30 11:06:25.603 [00018020] [T] LiveUpdater.UpdateItem::GetPackageStatus()
2023-05-30 11:06:25.604 [00018020] [T] LiveUpdater.UpdateItem::UpdateItem()
2023-05-30 11:06:25.604 [00018020] [T] LiveUpdater.UpdateItem::GetPackageStatus()
2023-05-30 11:06:25.604 [00018020] [T] LiveUpdater.UpdateItem::UpdateItem()
2023-05-30 11:06:25.604 [00018020] [T] LiveUpdater.UpdateItem::GetPackageStatus()
2023-05-30 11:06:25.607 [00018020] [T] LiveUpdater.UpdateItem::UpdateItem()
2023-05-30 11:06:25.607 [00018020] [T] LiveUpdater.UpdateItem::GetPackageStatus()
2023-05-30 11:06:25.612 [00018020] [T] LiveUpdater.UpdateItem::UpdateItem()
2023-05-30 11:06:25.612 [00018020] [T] LiveUpdater.UpdateItem::GetPackageStatus()
2023-05-30 11:06:25.617 [00018020] [T] LiveUpdater.UpdateItem::UpdateItem()
2023-05-30 11:06:25.617 [00018020] [T] LiveUpdater.UpdateItem::GetPackageStatus()
2023-05-30 11:06:25.622 [00018020] [T] LiveUpdater.UpdateItem::UpdateItem()
2023-05-30 11:06:25.622 [00018020] [T] LiveUpdater.UpdateItem::GetPackageStatus()
2023-05-30 11:06:25.624 [00018020] [T] LiveUpdater.UpdateItem::UpdateItem()
2023-05-30 11:06:25.624 [00018020] [T] LiveUpdater.UpdateItem::GetPackageStatus()
2023-05-30 11:06:25.626 [00018020] [T] LiveUpdater.UpdateItem::UpdateItem()
2023-05-30 11:06:25.626 [00018020] [T] LiveUpdater.UpdateItem::GetPackageStatus()
2023-05-30 11:06:25.634 [00018020] [T] LiveUpdater.UpdateItem::Diagnostic()
2023-05-30 11:06:25.634 [00018020] [T] LiveUpdater.CheckUpdatesJob::ItemDiagnoseCompleted()
2023-05-30 11:06:25.634 [00018020] [D] LiveUpdater.CheckUpdatesJob::ItemDiagnoseCompleted(): Item: 53927262
2023-05-30 11:06:25.634 [00018020] [T] LiveUpdater.UpdateItem::Diagnostic()
2023-05-30 11:06:25.634 [00018020] [T] LiveUpdater.CheckUpdatesJob::ItemDiagnoseCompleted()
2023-05-30 11:06:25.634 [00018020] [D] LiveUpdater.CheckUpdatesJob::ItemDiagnoseCompleted(): Item: 47309875
2023-05-30 11:06:25.634 [00018020] [T] LiveUpdater.UpdateItem::Diagnostic()
2023-05-30 11:06:25.634 [00018020] [T] LiveUpdater.CheckUpdatesJob::ItemDiagnoseCompleted()
2023-05-30 11:06:25.634 [00018020] [D] LiveUpdater.CheckUpdatesJob::ItemDiagnoseCompleted(): Item: 47196322
2023-05-30 11:06:25.634 [00018020] [T] LiveUpdater.UpdateItem::Diagnostic()
2023-05-30 11:06:25.634 [00018020] [T] LiveUpdater.CheckUpdatesJob::ItemDiagnoseCompleted()
2023-05-30 11:06:25.634 [00018020] [D] LiveUpdater.CheckUpdatesJob::ItemDiagnoseCompleted(): Item: 46833097
2023-05-30 11:06:25.634 [00018020] [T] LiveUpdater.UpdateItem::Diagnostic()
2023-05-30 11:06:25.634 [00018020] [T] LiveUpdater.CheckUpdatesJob::ItemDiagnoseCompleted()
2023-05-30 11:06:25.634 [00018020] [D] LiveUpdater.CheckUpdatesJob::ItemDiagnoseCompleted(): Item: 46680762
2023-05-30 11:06:25.635 [00018020] [D] LiveUpdater.GetDriverXML::RespCallback(): Done.
2023-05-30 11:06:26.144 [00013832] [T] LiveUpdater.GetDriverXML::ReadAllBytesFromStream()
2023-05-30 11:06:26.147 [00013832] [T] LiveUpdater.GetDriverXML::SaveToFile()
2023-05-30 11:06:26.149 [00013832] [T] LiveUpdater.GetDriverXML::ParseXML()
2023-05-30 11:06:26.149 [00013832] [T] LiveUpdater.UpdateItem::UpdateItem()
2023-05-30 11:06:26.149 [00013832] [T] LiveUpdater.UpdateItem::GetPackageStatus()
2023-05-30 11:06:26.150 [00013832] [T] LiveUpdater.CheckUpdatesJob::GetManifestCallBack()
2023-05-30 11:06:26.150 [00013832] [T] LiveUpdater.CheckUpdatesJob::GetAcerMsg()
2023-05-30 11:06:26.190 [00013832] [T] LiveUpdater.UpdateItem::UpdateItem()
2023-05-30 11:06:26.191 [00013832] [T] LiveUpdater.UpdateItem::GetPackageStatus()
2023-05-30 11:06:26.191 [00017848] [T] LiveUpdater.UpdateItem::~UpdateItem()
2023-05-30 11:06:26.191 [00017848] [T] LiveUpdater.UpdateItem::~UpdateItem()
2023-05-30 11:06:26.191 [00013832] [T] LiveUpdater.UpdateItem::UpdateItem()
2023-05-30 11:06:26.191 [00013832] [T] LiveUpdater.UpdateItem::GetPackageStatus()
2023-05-30 11:06:26.192 [00017848] [T] LiveUpdater.UpdateItem::~UpdateItem()
2023-05-30 11:06:26.192 [00017848] [T] LiveUpdater.UpdateItem::~UpdateItem()
2023-05-30 11:06:26.192 [00017848] [T] LiveUpdater.UpdateItem::~UpdateItem()
2023-05-30 11:06:26.192 [00013832] [T] LiveUpdater.UpdateItem::UpdateItem()
2023-05-30 11:06:26.192 [00013832] [T] LiveUpdater.UpdateItem::GetPackageStatus()
2023-05-30 11:06:26.192 [00017848] [T] LiveUpdater.UpdateItem::~UpdateItem()
2023-05-30 11:06:26.192 [00017848] [T] LiveUpdater.UpdateItem::~UpdateItem()
2023-05-30 11:06:26.193 [00013832] [T] LiveUpdater.UpdateItem::UpdateItem()
2023-05-30 11:06:26.193 [00013832] [T] LiveUpdater.UpdateItem::GetPackageStatus()
2023-05-30 11:06:26.193 [00017848] [T] LiveUpdater.UpdateItem::~UpdateItem()
2023-05-30 11:06:26.193 [00017848] [T] LiveUpdater.UpdateItem::~UpdateItem()
2023-05-30 11:06:26.193 [00017848] [T] LiveUpdater.UpdateItem::~UpdateItem()
2023-05-30 11:06:26.193 [00013832] [T] LiveUpdater.UpdateItem::UpdateItem()
2023-05-30 11:06:26.193 [00013832] [T] LiveUpdater.UpdateItem::GetPackageStatus()
2023-05-30 11:06:26.193 [00017848] [T] LiveUpdater.UpdateItem::~UpdateItem()
2023-05-30 11:06:26.193 [00017848] [T] LiveUpdater.UpdateItem::~UpdateItem()
2023-05-30 11:06:26.193 [00017848] [T] LiveUpdater.UpdateItem::~UpdateItem()
2023-05-30 11:06:26.193 [00017848] [T] LiveUpdater.UpdateItem::~UpdateItem()
2023-05-30 11:06:26.193 [00017848] [T] LiveUpdater.UpdateItem::~UpdateItem()
2023-05-30 11:06:26.193 [00017848] [T] LiveUpdater.UpdateItem::~UpdateItem()
2023-05-30 11:06:26.193 [00017848] [T] LiveUpdater.UpdateItem::~UpdateItem()
2023-05-30 11:06:26.193 [00017848] [T] LiveUpdater.UpdateItem::~UpdateItem()
2023-05-30 11:06:26.193 [00017848] [T] LiveUpdater.UpdateItem::~UpdateItem()
2023-05-30 11:06:26.193 [00017848] [T] LiveUpdater.UpdateItem::~UpdateItem()
2023-05-30 11:06:26.193 [00017848] [T] LiveUpdater.UpdateItem::~UpdateItem()
2023-05-30 11:06:26.193 [00017848] [T] LiveUpdater.UpdateItem::~UpdateItem()
2023-05-30 11:06:26.193 [00017848] [T] LiveUpdater.UpdateItem::~UpdateItem()
2023-05-30 11:06:26.193 [00017848] [T] LiveUpdater.UpdateItem::~UpdateItem()
2023-05-30 11:06:26.193 [00017848] [T] LiveUpdater.UpdateItem::~UpdateItem()
2023-05-30 11:06:26.193 [00017848] [T] LiveUpdater.UpdateItem::~UpdateItem()
2023-05-30 11:06:26.193 [00017848] [T] LiveUpdater.UpdateItem::~UpdateItem()
2023-05-30 11:06:26.193 [00017848] [T] LiveUpdater.UpdateItem::~UpdateItem()
2023-05-30 11:06:26.193 [00017848] [T] LiveUpdater.UpdateItem::~UpdateItem()
2023-05-30 11:06:26.194 [00017848] [T] LiveUpdater.UpdateItem::~UpdateItem()
2023-05-30 11:06:26.194 [00017848] [T] LiveUpdater.UpdateItem::~UpdateItem()
2023-05-30 11:06:26.194 [00013832] [T] LiveUpdater.UpdateItem::UpdateItem()
2023-05-30 11:06:26.194 [00013832] [T] LiveUpdater.UpdateItem::GetPackageStatus()
2023-05-30 11:06:26.196 [00013832] [T] LiveUpdater.UpdateItem::UpdateItem()
2023-05-30 11:06:26.196 [00013832] [T] LiveUpdater.UpdateItem::GetPackageStatus()
2023-05-30 11:06:26.196 [00013832] [T] LiveUpdater.UpdateItem::UpdateItem()
2023-05-30 11:06:26.196 [00013832] [T] LiveUpdater.UpdateItem::GetPackageStatus()
2023-05-30 11:06:26.196 [00013832] [T] LiveUpdater.UpdateItem::UpdateItem()
2023-05-30 11:06:26.196 [00013832] [T] LiveUpdater.UpdateItem::GetPackageStatus()
2023-05-30 11:06:26.197 [00013832] [T] LiveUpdater.UpdateItem::Diagnostic()
2023-05-30 11:06:26.197 [00013832] [T] LiveUpdater.CheckUpdatesJob::ItemDiagnoseCompleted()
2023-05-30 11:06:26.197 [00013832] [D] LiveUpdater.CheckUpdatesJob::ItemDiagnoseCompleted(): Item: 61175127
2023-05-30 11:06:26.197 [00013832] [D] LiveUpdater.GetDriverXML::RespCallback(): Done.
2023-05-30 11:06:26.200 [00001720] [T] LiveUpdater.LiveUpdateManager::HistorySync()
2023-05-30 11:06:26.204 [00001720] [T] LiveUpdater.LiveUpdateManager::HiddenHistorySync()
2023-05-30 11:06:26.206 [00001720] [T] LiveUpdateChecker.MainWindow::CheckUpdatesCompletedCallback()
2023-05-30 11:06:26.208 [00001720] [T] LiveUpdater.UpdaterEnvironment::SaveMetaFile()
2023-05-30 11:06:26.212 [00001720] [T] LiveUpdater.UpdaterEnvironment::SaveMetaFile()
2023-05-30 11:06:26.214 [00002836] [D] LiveUpdateChecker.MainWindow::CheckUpdatesCompletedCallback(): There is no update.
2023-05-30 11:06:26.214 [00002836] [T] LiveUpdateChecker.MainWindow::Close()
2023-05-30 11:06:26.236 [00017848] [T] LiveUpdater.UpdateItem::~UpdateItem()
2023-05-30 11:06:26.236 [00017848] [T] LiveUpdater.UpdateItem::~UpdateItem()
2023-05-30 11:06:26.236 [00017848] [T] LiveUpdater.UpdateItem::~UpdateItem()
2023-05-30 11:06:26.236 [00017848] [T] LiveUpdater.UpdateItem::~UpdateItem()
2023-05-30 11:06:26.236 [00017848] [T] LiveUpdater.UpdateItem::~UpdateItem()
2023-05-30 11:06:26.236 [00017848] [T] LiveUpdater.UpdateItem::~UpdateItem()
2023-05-30 11:06:26.236 [00017848] [T] LiveUpdater.UpdateItem::~UpdateItem()
2023-05-30 11:06:26.236 [00017848] [T] LiveUpdater.UpdateItem::~UpdateItem()
2023-05-30 11:06:26.236 [00017848] [T] LiveUpdater.UpdateItem::~UpdateItem()
2023-05-30 11:06:26.238 [00017848] [T] LiveUpdater.UpdateItem::~UpdateItem()
2023-05-30 11:06:26.238 [00017848] [T] LiveUpdater.UpdateItem::~UpdateItem()
2023-05-30 11:06:26.239 [00017848] [T] LiveUpdateChecker.SingleInstance::ReleaseMutex()
2023-05-30 11:06:26.248 [00017848] [T] LiveUpdateChecker.SingleInstance::ReleaseMutex(), Exception: System.ApplicationException: Object synchronization method was called from an unsynchronized block of code.
   at System.Threading.Mutex.ReleaseMutex()
   at Acer.CareCenter.LiveUpdateChecker.SingleInstance.ReleaseMutex()
