2023-06-07 14:46:58.968 [00024168] [T] LiveUpdateChecker.App::App()
2023-06-07 14:46:58.971 [00024168] [T] LiveUpdateChecker.App::LoadResource()
2023-06-07 14:46:58.996 [00024168] [T] LiveUpdateChecker.App::IsSingleInstance()
2023-06-07 14:46:58.997 [00024168] [T] LiveUpdateChecker.SingleInstance::SingleInstance()
2023-06-07 14:46:59.047 [00024168] [T] LiveUpdateChecker.MainWindow::MainWindow()
2023-06-07 14:46:59.201 [00024168] [T] LiveUpdateChecker.MainWindow::Window_Initialized()
2023-06-07 14:46:59.210 [00024168] [T] LiveUpdateChecker.MainWindow::Hola()
2023-06-07 14:46:59.210 [00024168] [D] LiveUpdateChecker.MainWindow::Hola(): ACCHOLA()
2023-06-07 14:46:59.215 [00024168] [I] ACCHOLA::Program Initialization()
2023-06-07 14:46:59.222 [00024168] [I] ACCHOLA:GetSerialNumber()
2023-06-07 14:46:59.222 [00024168] [I] ACCHOLA:Get_WMI_Info()
2023-06-07 14:46:59.253 [00024168] [I] ACCHOLA:GetMachineType()
2023-06-07 14:46:59.309 [00024168] [I] ACCHOLA:ReadIni()
2023-06-07 14:46:59.309 [00024168] [I] ACCHOLA:ReadIni()::iniPath::C:\ProgramData\Acer\CareCenter\HOLA.ini
2023-06-07 14:46:59.313 [00024168] [I] ACCHOLA::Program Initialization(): No need to be checked HOLA AD Data.
2023-06-07 14:46:59.317 [00024168] [T] LiveUpdateChecker.MainWindow::InitializeCheckUpdates()
2023-06-07 14:46:59.321 [00024168] [T] LiveUpdater.UpdaterEnvironment::UpdaterEnvironment()
2023-06-07 14:46:59.331 [00024168] [T] LiveUpdater.UpdaterEnvironment::GetOSCode()
2023-06-07 14:46:59.331 [00024168] [D] LiveUpdater.UpdaterEnvironment::GetOSCode(): Version: 10.0.22621.0
2023-06-07 14:46:59.331 [00024168] [D] LiveUpdater.UpdaterEnvironment::GetOSCode(): Major Version: 10
2023-06-07 14:46:59.331 [00024168] [D] LiveUpdater.UpdaterEnvironment::GetOSCode(): Minor Version: 0
2023-06-07 14:46:59.342 [00024168] [D] LiveUpdater.UpdaterEnvironment::GetOSCode(): Can't find the matched OS code.
2023-06-07 14:46:59.342 [00024168] [D] LiveUpdater.UpdaterEnvironment::UpdaterEnvironment(): OS: 10M1
2023-06-07 14:46:59.343 [00024168] [T] LiveUpdater.UpdaterEnvironment::GetSupportedLangID()
2023-06-07 14:46:59.343 [00024168] [D] LiveUpdater.UpdaterEnvironment::UpdaterEnvironment(): Language: EN
2023-06-07 14:46:59.344 [00024168] [T] LiveUpdater.UpdaterEnvironment::GetModel()
2023-06-07 14:46:59.371 [00024168] [D] LiveUpdater.UpdaterEnvironment::UpdaterEnvironment(): Model: Nitro AN515-58
2023-06-07 14:46:59.372 [00024168] [T] LiveUpdater.UpdaterEnvironment::GetBrand()
2023-06-07 14:46:59.373 [00024168] [D] LiveUpdater.UpdaterEnvironment::UpdaterEnvironment(): Brand: Acer
2023-06-07 14:46:59.374 [00024168] [T] LiveUpdater.UpdaterEnvironment::GetUpdaterVer()
2023-06-07 14:46:59.375 [00024168] [D] LiveUpdater.UpdaterEnvironment::UpdaterEnvironment(): ACC Version: ACC_4.00.3042
2023-06-07 14:46:59.375 [00024168] [T] LiveUpdater.UpdaterEnvironment::GetUpdaterDwordVer()
2023-06-07 14:46:59.376 [00024168] [D] LiveUpdater.UpdaterEnvironment::UpdaterEnvironment(): ACC DWORD Version: 67111906
2023-06-07 14:46:59.376 [00024168] [T] LiveUpdater.UpdaterEnvironment::GetSN()
2023-06-07 14:47:00.385 [00024168] [D] LiveUpdater.UpdaterEnvironment::UpdaterEnvironment(): SN: NHQFHSI0012110D5AF3400
2023-06-07 14:47:00.385 [00024168] [T] LiveUpdater.UpdaterEnvironment::GetKeyDim()
2023-06-07 14:47:00.385 [00024168] [D] LiveUpdater.UpdaterEnvironment::UpdaterEnvironment(): Local Directory: C:\ProgramData\Acer\updater2
2023-06-07 14:47:00.385 [00024168] [D] LiveUpdater.UpdaterEnvironment::UpdaterEnvironment(): FP URL: https://aluwsv2.acer.com/ServerInfo/EN/Nitro AN515-58/Nitro AN515-58_10M1_EN.xml
2023-06-07 14:47:00.385 [00024168] [D] LiveUpdater.UpdaterEnvironment::UpdaterEnvironment(): AP URL: https://aluwsv2.acer.com/ServerInfo/EN/ALU_APP/ALU_APP_10M1_EN.xml
2023-06-07 14:47:00.386 [00024168] [T] LiveUpdater.UpdaterEnvironment::GenPubkey()
2023-06-07 14:47:00.387 [00024168] [T] LiveUpdater.UpdaterEnvironment::GetMetaFile()
2023-06-07 14:47:00.388 [00024168] [T] LiveUpdater.UpdaterEnvironment::GetLastBootUpTime()
2023-06-07 14:47:00.563 [00024168] [D] LiveUpdater.UpdaterEnvironment::UpdaterEnvironment(): FUBDLR = 
2023-06-07 14:47:00.563 [00024168] [T] LiveUpdater.UpdaterEnvironment::GetLastBootUpTime()
2023-06-07 14:47:00.701 [00024168] [D] LiveUpdateChecker.MainWindow::InitializeCheckUpdates(): No need to be checked.
2023-06-07 14:47:00.701 [00024168] [T] LiveUpdateChecker.MainWindow::Close()
2023-06-07 14:47:00.732 [00027624] [T] LiveUpdateChecker.SingleInstance::ReleaseMutex()
2023-06-07 14:47:00.742 [00027624] [T] LiveUpdateChecker.SingleInstance::ReleaseMutex(), Exception: System.ApplicationException: Object synchronization method was called from an unsynchronized block of code.
   at System.Threading.Mutex.ReleaseMutex()
   at Acer.CareCenter.LiveUpdateChecker.SingleInstance.ReleaseMutex()
