2023-06-06 13:39:28.935 [00007776] [T] LiveUpdateChecker.App::App()
2023-06-06 13:39:28.941 [00007776] [T] LiveUpdateChecker.App::LoadResource()
2023-06-06 13:39:28.993 [00007776] [T] LiveUpdateChecker.App::IsSingleInstance()
2023-06-06 13:39:28.995 [00007776] [T] LiveUpdateChecker.SingleInstance::SingleInstance()
2023-06-06 13:39:29.093 [00007776] [T] LiveUpdateChecker.MainWindow::MainWindow()
2023-06-06 13:39:29.490 [00007776] [T] LiveUpdateChecker.MainWindow::Window_Initialized()
2023-06-06 13:39:29.545 [00007776] [T] LiveUpdateChecker.MainWindow::Hola()
2023-06-06 13:39:29.545 [00007776] [D] LiveUpdateChecker.MainWindow::Hola(): ACCHOLA()
2023-06-06 13:39:29.563 [00007776] [I] ACCHOLA::Program Initialization()
2023-06-06 13:39:29.581 [00007776] [I] ACCHOLA:GetSerialNumber()
2023-06-06 13:39:29.582 [00007776] [I] ACCHOLA:Get_WMI_Info()
2023-06-06 13:39:29.674 [00007776] [I] ACCHOLA:GetMachineType()
2023-06-06 13:39:29.762 [00007776] [I] ACCHOLA:ReadIni()
2023-06-06 13:39:29.762 [00007776] [I] ACCHOLA:ReadIni()::iniPath::C:\ProgramData\Acer\CareCenter\HOLA.ini
2023-06-06 13:39:29.772 [00007776] [I] ACCHOLA::Program Initialization(): No need to be checked HOLA AD Data.
2023-06-06 13:39:29.786 [00007776] [T] LiveUpdateChecker.MainWindow::InitializeCheckUpdates()
2023-06-06 13:39:29.788 [00007776] [T] LiveUpdater.UpdaterEnvironment::UpdaterEnvironment()
2023-06-06 13:39:29.832 [00007776] [T] LiveUpdater.UpdaterEnvironment::GetOSCode()
2023-06-06 13:39:29.832 [00007776] [D] LiveUpdater.UpdaterEnvironment::GetOSCode(): Version: 10.0.22621.0
2023-06-06 13:39:29.832 [00007776] [D] LiveUpdater.UpdaterEnvironment::GetOSCode(): Major Version: 10
2023-06-06 13:39:29.832 [00007776] [D] LiveUpdater.UpdaterEnvironment::GetOSCode(): Minor Version: 0
2023-06-06 13:39:29.890 [00007776] [D] LiveUpdater.UpdaterEnvironment::GetOSCode(): Can't find the matched OS code.
2023-06-06 13:39:29.890 [00007776] [D] LiveUpdater.UpdaterEnvironment::UpdaterEnvironment(): OS: 10M1
2023-06-06 13:39:29.899 [00007776] [T] LiveUpdater.UpdaterEnvironment::GetSupportedLangID()
2023-06-06 13:39:29.899 [00007776] [D] LiveUpdater.UpdaterEnvironment::UpdaterEnvironment(): Language: EN
2023-06-06 13:39:29.900 [00007776] [T] LiveUpdater.UpdaterEnvironment::GetModel()
2023-06-06 13:39:29.940 [00007776] [D] LiveUpdater.UpdaterEnvironment::UpdaterEnvironment(): Model: Nitro AN515-58
2023-06-06 13:39:29.950 [00007776] [T] LiveUpdater.UpdaterEnvironment::GetBrand()
2023-06-06 13:39:29.951 [00007776] [D] LiveUpdater.UpdaterEnvironment::UpdaterEnvironment(): Brand: Acer
2023-06-06 13:39:29.954 [00007776] [T] LiveUpdater.UpdaterEnvironment::GetUpdaterVer()
2023-06-06 13:39:29.955 [00007776] [D] LiveUpdater.UpdaterEnvironment::UpdaterEnvironment(): ACC Version: ACC_4.00.3042
2023-06-06 13:39:29.957 [00007776] [T] LiveUpdater.UpdaterEnvironment::GetUpdaterDwordVer()
2023-06-06 13:39:29.957 [00007776] [D] LiveUpdater.UpdaterEnvironment::UpdaterEnvironment(): ACC DWORD Version: 67111906
2023-06-06 13:39:29.958 [00007776] [T] LiveUpdater.UpdaterEnvironment::GetSN()
2023-06-06 13:39:30.973 [00007776] [D] LiveUpdater.UpdaterEnvironment::UpdaterEnvironment(): SN: NHQFHSI0012110D5AF3400
2023-06-06 13:39:30.973 [00007776] [T] LiveUpdater.UpdaterEnvironment::GetKeyDim()
2023-06-06 13:39:30.973 [00007776] [D] LiveUpdater.UpdaterEnvironment::UpdaterEnvironment(): Local Directory: C:\ProgramData\Acer\updater2
2023-06-06 13:39:30.980 [00007776] [D] LiveUpdater.UpdaterEnvironment::UpdaterEnvironment(): FP URL: https://aluwsv2.acer.com/ServerInfo/EN/Nitro AN515-58/Nitro AN515-58_10M1_EN.xml
2023-06-06 13:39:30.980 [00007776] [D] LiveUpdater.UpdaterEnvironment::UpdaterEnvironment(): AP URL: https://aluwsv2.acer.com/ServerInfo/EN/ALU_APP/ALU_APP_10M1_EN.xml
2023-06-06 13:39:30.981 [00007776] [T] LiveUpdater.UpdaterEnvironment::GenPubkey()
2023-06-06 13:39:30.986 [00007776] [T] LiveUpdater.UpdaterEnvironment::GetMetaFile()
2023-06-06 13:39:30.987 [00007776] [T] LiveUpdater.UpdaterEnvironment::GetLastBootUpTime()
2023-06-06 13:39:31.131 [00007776] [D] LiveUpdater.UpdaterEnvironment::UpdaterEnvironment(): FUBDLR = 
2023-06-06 13:39:31.131 [00007776] [T] LiveUpdater.UpdaterEnvironment::GetLastBootUpTime()
2023-06-06 13:39:31.233 [00007776] [T] LiveUpdater.Updates::UpgradeHistoryInit()
2023-06-06 13:39:31.235 [00007776] [T] LiveUpdater.UpdateItem::UpdateItem()
2023-06-06 13:39:31.241 [00007776] [T] LiveUpdater.UpdateItem::GetPackageStatus()
2023-06-06 13:39:31.257 [00007776] [T] LiveUpdater.UpdateItem::UpdateItem()
2023-06-06 13:39:31.257 [00007776] [T] LiveUpdater.UpdateItem::GetPackageStatus()
2023-06-06 13:39:31.259 [00007776] [T] LiveUpdater.UpdateItem::UpdateItem()
2023-06-06 13:39:31.259 [00007776] [T] LiveUpdater.UpdateItem::GetPackageStatus()
2023-06-06 13:39:31.259 [00007776] [T] LiveUpdater.UpdateItem::UpdateItem()
2023-06-06 13:39:31.259 [00007776] [T] LiveUpdater.UpdateItem::GetPackageStatus()
2023-06-06 13:39:31.260 [00007776] [T] LiveUpdater.UpdateItem::UpdateItem()
2023-06-06 13:39:31.260 [00007776] [T] LiveUpdater.UpdateItem::GetPackageStatus()
2023-06-06 13:39:31.261 [00007776] [T] LiveUpdater.UpdateItem::UpdateItem()
2023-06-06 13:39:31.261 [00007776] [T] LiveUpdater.UpdateItem::GetPackageStatus()
2023-06-06 13:39:31.263 [00007776] [T] LiveUpdater.UpdateItem::UpdateItem()
2023-06-06 13:39:31.263 [00007776] [T] LiveUpdater.UpdateItem::GetPackageStatus()
2023-06-06 13:39:31.264 [00007776] [T] LiveUpdater.UpdateItem::UpdateItem()
2023-06-06 13:39:31.264 [00007776] [T] LiveUpdater.UpdateItem::GetPackageStatus()
2023-06-06 13:39:31.265 [00007776] [T] LiveUpdater.UpdateItem::UpdateItem()
2023-06-06 13:39:31.265 [00007776] [T] LiveUpdater.UpdateItem::GetPackageStatus()
2023-06-06 13:39:31.267 [00007776] [T] LiveUpdater.Updates::HiddenHistoryInit()
2023-06-06 13:39:31.267 [00007776] [T] LiveUpdater.UpdateItem::UpdateItem()
2023-06-06 13:39:31.267 [00007776] [T] LiveUpdater.UpdateItem::GetPackageStatus()
2023-06-06 13:39:31.268 [00007776] [T] LiveUpdater.UpdateItem::UpdateItem()
2023-06-06 13:39:31.268 [00007776] [T] LiveUpdater.UpdateItem::GetPackageStatus()
2023-06-06 13:39:31.268 [00007776] [T] LiveUpdater.UpdateItem::UpdateItem()
2023-06-06 13:39:31.268 [00007776] [T] LiveUpdater.UpdateItem::GetPackageStatus()
2023-06-06 13:39:31.269 [00007776] [T] LiveUpdater.UpdateItem::UpdateItem()
2023-06-06 13:39:31.269 [00007776] [T] LiveUpdater.UpdateItem::GetPackageStatus()
2023-06-06 13:39:31.269 [00007776] [T] LiveUpdater.UpdateItem::UpdateItem()
2023-06-06 13:39:31.269 [00007776] [T] LiveUpdater.UpdateItem::GetPackageStatus()
2023-06-06 13:39:31.271 [00007776] [T] LiveUpdater.UpdateItem::UpdateItem()
2023-06-06 13:39:31.271 [00007776] [T] LiveUpdater.UpdateItem::GetPackageStatus()
2023-06-06 13:39:31.271 [00007776] [T] LiveUpdater.UpdateItem::UpdateItem()
2023-06-06 13:39:31.271 [00007776] [T] LiveUpdater.UpdateItem::GetPackageStatus()
2023-06-06 13:39:31.271 [00007776] [T] LiveUpdater.UpdateItem::UpdateItem()
2023-06-06 13:39:31.271 [00007776] [T] LiveUpdater.UpdateItem::GetPackageStatus()
2023-06-06 13:39:31.272 [00007776] [T] LiveUpdater.UpdateItem::UpdateItem()
2023-06-06 13:39:31.272 [00007776] [T] LiveUpdater.UpdateItem::GetPackageStatus()
2023-06-06 13:39:31.282 [00007776] [T] LiveUpdater.LiveUpdateManager::CheckUpdates()
2023-06-06 13:39:31.293 [00006068] [T] LiveUpdater.LiveUpdateManager::Worker()
2023-06-06 13:39:31.295 [00007776] [T] LiveUpdater.Report::AddFPToResult()
2023-06-06 13:39:31.299 [00007776] [I] [ALU Report] OBJID -> , FixpackName -> User behavior, GUID -> , URL -> , RETURNEDCODE -> 0, Message -> Auto-check updates
2023-06-06 13:39:31.299 [00006068] [T] LiveUpdater.CheckUpdatesJob::CheckUpdatesJob()
2023-06-06 13:39:31.300 [00006068] [T] LiveUpdater.CheckUpdatesJob::CheckUpdatesJob()
2023-06-06 13:39:31.301 [00007776] [T] LiveUpdater.Report::SendReport()
2023-06-06 13:39:31.301 [00006068] [T] LiveUpdater.CheckUpdatesJob::Start()
2023-06-06 13:39:31.301 [00006068] [T] LiveUpdater.CheckUpdatesJob::Start()
2023-06-06 13:39:31.303 [00002584] [T] LiveUpdater.CheckUpdatesJob::Worker()
2023-06-06 13:39:31.304 [00007000] [T] LiveUpdater.CheckUpdatesJob::Worker()
2023-06-06 13:39:31.304 [00007776] [T] LiveUpdater.Report::GetStringSHA1HashCode()
2023-06-06 13:39:31.304 [00002584] [D] LiveUpdater.CheckUpdatesJob::Worker(): Ready to call CheckForUpdate()
2023-06-06 13:39:31.306 [00007776] [T] LiveUpdater.Report::BuildStr_UserAgent_V2()
2023-06-06 13:39:31.306 [00007776] [T] LiveUpdater.Report::GetStringSHA1HashCode()
2023-06-06 13:39:31.310 [00007000] [D] LiveUpdater.CheckUpdatesJob::Worker(): Ready to call CheckForUpdate()
2023-06-06 13:39:31.313 [00002584] [T] LiveUpdater.GetDriverXML::CheckForUpdate()
2023-06-06 13:39:31.314 [00007000] [T] LiveUpdater.GetDriverXML::CheckForUpdate()
2023-06-06 13:39:31.315 [00002584] [T] LiveUpdater.GetDriverXML::GetFileSHA1HashCode()
2023-06-06 13:39:31.315 [00007776] [T] LiveUpdater.Report::BuildStr_Acer_V2()
2023-06-06 13:39:31.315 [00007776] [T] LiveUpdater.Report::GetStringSHA1HashCode()
2023-06-06 13:39:31.315 [00007776] [T] LiveUpdater.Report::BuildStr_Acer_V2()
2023-06-06 13:39:31.315 [00007776] [T] LiveUpdater.Report::GetStringSHA1HashCode()
2023-06-06 13:39:31.315 [00007000] [T] LiveUpdater.GetDriverXML::GetFileSHA1HashCode()
2023-06-06 13:39:31.316 [00007776] [T] LiveUpdater.Report::PostResult()
2023-06-06 13:39:31.317 [00002584] [T] LiveUpdater.GetDriverXML::BuildStr_UserAgent()
2023-06-06 13:39:31.317 [00002584] [T] LiveUpdater.GetDriverXML::GetStringSHA1HashCode()
2023-06-06 13:39:31.317 [00007000] [T] LiveUpdater.GetDriverXML::BuildStr_UserAgent()
2023-06-06 13:39:31.317 [00007000] [T] LiveUpdater.GetDriverXML::GetStringSHA1HashCode()
2023-06-06 13:39:31.318 [00002584] [T] LiveUpdater.GetDriverXML::BuildStr_Acer()
2023-06-06 13:39:31.318 [00002584] [T] LiveUpdater.GetDriverXML::GetStringSHA1HashCode()
2023-06-06 13:39:31.322 [00007000] [T] LiveUpdater.GetDriverXML::BuildStr_Acer()
2023-06-06 13:39:31.322 [00007000] [T] LiveUpdater.GetDriverXML::GetStringSHA1HashCode()
2023-06-06 13:39:31.324 [00002584] [T] LiveUpdater.GetDriverXML::GetPlatformInfo()
2023-06-06 13:39:31.326 [00007000] [T] LiveUpdater.GetDriverXML::GetPlatformInfo()
2023-06-06 13:39:31.342 [00007000] [D] LiveUpdater.GetDriverXML::GetPlatformInfo(): Acer: 179167B16C71944B5396A4DE9FF897A82551FE942A38049BC35D93D18F
2023-06-06 13:39:31.342 [00007000] [D] LiveUpdater.GetDriverXML::GetPlatformInfo(): SN: NHQFHSI0012110D5AF3400
2023-06-06 13:39:31.342 [00007000] [D] LiveUpdater.GetDriverXML::GetPlatformInfo(): RT: 1
2023-06-06 13:39:31.342 [00007000] [D] LiveUpdater.GetDriverXML::GetPlatformInfo(): Call BeginGetResponse.
2023-06-06 13:39:31.344 [00002584] [D] LiveUpdater.GetDriverXML::GetPlatformInfo(): Acer: 10E81F88EAB67E7DB1EA6C64BE80C2F10FDC5641CA38049B2B02DCAFBA
2023-06-06 13:39:31.345 [00002584] [D] LiveUpdater.GetDriverXML::GetPlatformInfo(): SN: NHQFHSI0012110D5AF3400
2023-06-06 13:39:31.345 [00002584] [D] LiveUpdater.GetDriverXML::GetPlatformInfo(): RT: 1
2023-06-06 13:39:31.345 [00002584] [D] LiveUpdater.GetDriverXML::GetPlatformInfo(): Call BeginGetResponse.
2023-06-06 13:39:31.356 [00007000] [D] LiveUpdater.CheckUpdatesJob::Worker(): Waitng for callback.
2023-06-06 13:39:31.485 [00002584] [D] LiveUpdater.CheckUpdatesJob::Worker(): Waitng for callback.
2023-06-06 13:39:31.873 [00014924] [T] LiveUpdater.Report::ReadCallback()
2023-06-06 13:39:32.807 [00020420] [T] LiveUpdater.GetDriverXML::RespCallback()
2023-06-06 13:39:32.808 [00020420] [T] LiveUpdater.GetDriverXML::ReadAllBytesFromStream()
2023-06-06 13:39:32.820 [00020420] [T] LiveUpdater.GetDriverXML::ReadAllBytesFromStream()
2023-06-06 13:39:32.823 [00020420] [T] LiveUpdater.GetDriverXML::SaveToFile()
2023-06-06 13:39:32.841 [00020420] [T] LiveUpdater.GetDriverXML::ParseXML()
2023-06-06 13:39:32.841 [00020420] [T] LiveUpdater.UpdateItem::UpdateItem()
2023-06-06 13:39:32.841 [00020420] [T] LiveUpdater.UpdateItem::GetPackageStatus()
2023-06-06 13:39:32.866 [00020420] [T] LiveUpdater.CheckUpdatesJob::GetManifestCallBack()
2023-06-06 13:39:32.867 [00020420] [T] LiveUpdater.CheckUpdatesJob::GetAcerMsg()
2023-06-06 13:39:32.869 [00020420] [T] LiveUpdater.UpdateItem::UpdateItem()
2023-06-06 13:39:32.869 [00020420] [T] LiveUpdater.UpdateItem::GetPackageStatus()
2023-06-06 13:39:32.870 [00020420] [T] LiveUpdater.UpdateItem::UpdateItem()
2023-06-06 13:39:32.870 [00020420] [T] LiveUpdater.UpdateItem::GetPackageStatus()
2023-06-06 13:39:32.871 [00020420] [T] LiveUpdater.UpdateItem::UpdateItem()
2023-06-06 13:39:32.871 [00020420] [T] LiveUpdater.UpdateItem::GetPackageStatus()
2023-06-06 13:39:32.872 [00020420] [T] LiveUpdater.UpdateItem::UpdateItem()
2023-06-06 13:39:32.872 [00020420] [T] LiveUpdater.UpdateItem::GetPackageStatus()
2023-06-06 13:39:32.873 [00020420] [T] LiveUpdater.UpdateItem::UpdateItem()
2023-06-06 13:39:32.873 [00020420] [T] LiveUpdater.UpdateItem::GetPackageStatus()
2023-06-06 13:39:32.873 [00020420] [T] LiveUpdater.UpdateItem::UpdateItem()
2023-06-06 13:39:32.874 [00020420] [T] LiveUpdater.UpdateItem::GetPackageStatus()
2023-06-06 13:39:32.874 [00020420] [T] LiveUpdater.UpdateItem::UpdateItem()
2023-06-06 13:39:32.874 [00020420] [T] LiveUpdater.UpdateItem::GetPackageStatus()
2023-06-06 13:39:32.875 [00020420] [T] LiveUpdater.UpdateItem::UpdateItem()
2023-06-06 13:39:32.875 [00020420] [T] LiveUpdater.UpdateItem::GetPackageStatus()
2023-06-06 13:39:32.876 [00020420] [T] LiveUpdater.UpdateItem::UpdateItem()
2023-06-06 13:39:32.876 [00020420] [T] LiveUpdater.UpdateItem::GetPackageStatus()
2023-06-06 13:39:32.887 [00020420] [T] LiveUpdater.UpdateItem::Diagnostic()
2023-06-06 13:39:33.083 [00011280] [T] LiveUpdater.GetDriverXML::RespCallback()
2023-06-06 13:39:33.087 [00011280] [T] LiveUpdater.GetDriverXML::ParseXML()
2023-06-06 13:39:33.087 [00011280] [T] LiveUpdater.UpdateItem::UpdateItem()
2023-06-06 13:39:33.087 [00011280] [T] LiveUpdater.UpdateItem::GetPackageStatus()
2023-06-06 13:39:33.090 [00011280] [T] LiveUpdater.UpdateItem::UpdateItem()
2023-06-06 13:39:33.090 [00011280] [T] LiveUpdater.UpdateItem::GetPackageStatus()
2023-06-06 13:39:33.092 [00011280] [T] LiveUpdater.UpdateItem::UpdateItem()
2023-06-06 13:39:33.092 [00011280] [T] LiveUpdater.UpdateItem::GetPackageStatus()
2023-06-06 13:39:33.094 [00011280] [T] LiveUpdater.UpdateItem::UpdateItem()
2023-06-06 13:39:33.094 [00011280] [T] LiveUpdater.UpdateItem::GetPackageStatus()
2023-06-06 13:39:33.097 [00011280] [T] LiveUpdater.UpdateItem::UpdateItem()
2023-06-06 13:39:33.097 [00011280] [T] LiveUpdater.UpdateItem::GetPackageStatus()
2023-06-06 13:39:33.099 [00011280] [T] LiveUpdater.CheckUpdatesJob::GetManifestCallBack()
2023-06-06 13:39:33.099 [00011280] [T] LiveUpdater.CheckUpdatesJob::GetAcerMsg()
2023-06-06 13:39:33.116 [00011280] [T] LiveUpdater.UpdateItem::UpdateItem()
2023-06-06 13:39:33.116 [00011280] [T] LiveUpdater.UpdateItem::GetPackageStatus()
2023-06-06 13:39:33.117 [00011280] [T] LiveUpdater.UpdateItem::UpdateItem()
2023-06-06 13:39:33.117 [00011280] [T] LiveUpdater.UpdateItem::GetPackageStatus()
2023-06-06 13:39:33.118 [00011280] [T] LiveUpdater.UpdateItem::UpdateItem()
2023-06-06 13:39:33.118 [00011280] [T] LiveUpdater.UpdateItem::GetPackageStatus()
2023-06-06 13:39:33.119 [00015844] [T] LiveUpdater.UpdateItem::~UpdateItem()
2023-06-06 13:39:33.119 [00011280] [T] LiveUpdater.UpdateItem::UpdateItem()
2023-06-06 13:39:33.119 [00011280] [T] LiveUpdater.UpdateItem::GetPackageStatus()
2023-06-06 13:39:33.119 [00015844] [T] LiveUpdater.UpdateItem::~UpdateItem()
2023-06-06 13:39:33.119 [00015844] [T] LiveUpdater.UpdateItem::~UpdateItem()
2023-06-06 13:39:33.119 [00015844] [T] LiveUpdater.UpdateItem::~UpdateItem()
2023-06-06 13:39:33.120 [00015844] [T] LiveUpdater.UpdateItem::~UpdateItem()
2023-06-06 13:39:33.120 [00015844] [T] LiveUpdater.UpdateItem::~UpdateItem()
2023-06-06 13:39:33.120 [00015844] [T] LiveUpdater.UpdateItem::~UpdateItem()
2023-06-06 13:39:33.120 [00015844] [T] LiveUpdater.UpdateItem::~UpdateItem()
2023-06-06 13:39:33.120 [00015844] [T] LiveUpdater.UpdateItem::~UpdateItem()
2023-06-06 13:39:33.120 [00015844] [T] LiveUpdater.UpdateItem::~UpdateItem()
2023-06-06 13:39:33.120 [00015844] [T] LiveUpdater.UpdateItem::~UpdateItem()
2023-06-06 13:39:33.120 [00015844] [T] LiveUpdater.UpdateItem::~UpdateItem()
2023-06-06 13:39:33.120 [00015844] [T] LiveUpdater.UpdateItem::~UpdateItem()
2023-06-06 13:39:33.120 [00015844] [T] LiveUpdater.UpdateItem::~UpdateItem()
2023-06-06 13:39:33.120 [00011280] [T] LiveUpdater.UpdateItem::UpdateItem()
2023-06-06 13:39:33.120 [00011280] [T] LiveUpdater.UpdateItem::GetPackageStatus()
2023-06-06 13:39:33.121 [00011280] [T] LiveUpdater.UpdateItem::UpdateItem()
2023-06-06 13:39:33.121 [00011280] [T] LiveUpdater.UpdateItem::GetPackageStatus()
2023-06-06 13:39:33.121 [00015844] [T] LiveUpdater.UpdateItem::~UpdateItem()
2023-06-06 13:39:33.122 [00011280] [T] LiveUpdater.UpdateItem::UpdateItem()
2023-06-06 13:39:33.122 [00011280] [T] LiveUpdater.UpdateItem::GetPackageStatus()
2023-06-06 13:39:33.122 [00015844] [T] LiveUpdater.UpdateItem::~UpdateItem()
2023-06-06 13:39:33.122 [00011280] [T] LiveUpdater.UpdateItem::UpdateItem()
2023-06-06 13:39:33.122 [00011280] [T] LiveUpdater.UpdateItem::GetPackageStatus()
2023-06-06 13:39:33.123 [00015844] [T] LiveUpdater.UpdateItem::~UpdateItem()
2023-06-06 13:39:33.123 [00011280] [T] LiveUpdater.UpdateItem::UpdateItem()
2023-06-06 13:39:33.123 [00011280] [T] LiveUpdater.UpdateItem::GetPackageStatus()
2023-06-06 13:39:33.124 [00011280] [T] LiveUpdater.UpdateItem::Diagnostic()
2023-06-06 13:39:33.126 [00011280] [T] LiveUpdater.CheckUpdatesJob::ItemDiagnoseCompleted()
2023-06-06 13:39:33.126 [00011280] [D] LiveUpdater.CheckUpdatesJob::ItemDiagnoseCompleted(): Item: 53927262
2023-06-06 13:39:33.127 [00011280] [T] LiveUpdater.UpdateItem::Diagnostic()
2023-06-06 13:39:33.127 [00011280] [T] LiveUpdater.CheckUpdatesJob::ItemDiagnoseCompleted()
2023-06-06 13:39:33.127 [00011280] [D] LiveUpdater.CheckUpdatesJob::ItemDiagnoseCompleted(): Item: 47309875
2023-06-06 13:39:33.127 [00011280] [T] LiveUpdater.UpdateItem::Diagnostic()
2023-06-06 13:39:33.127 [00011280] [T] LiveUpdater.CheckUpdatesJob::ItemDiagnoseCompleted()
2023-06-06 13:39:33.127 [00011280] [D] LiveUpdater.CheckUpdatesJob::ItemDiagnoseCompleted(): Item: 47196322
2023-06-06 13:39:33.127 [00011280] [T] LiveUpdater.UpdateItem::Diagnostic()
2023-06-06 13:39:33.127 [00011280] [T] LiveUpdater.CheckUpdatesJob::ItemDiagnoseCompleted()
2023-06-06 13:39:33.127 [00011280] [D] LiveUpdater.CheckUpdatesJob::ItemDiagnoseCompleted(): Item: 46833097
2023-06-06 13:39:33.127 [00011280] [T] LiveUpdater.UpdateItem::Diagnostic()
2023-06-06 13:39:33.127 [00011280] [T] LiveUpdater.CheckUpdatesJob::ItemDiagnoseCompleted()
2023-06-06 13:39:33.127 [00011280] [D] LiveUpdater.CheckUpdatesJob::ItemDiagnoseCompleted(): Item: 46680762
2023-06-06 13:39:33.129 [00011280] [D] LiveUpdater.GetDriverXML::RespCallback(): Done.
2023-06-06 13:39:37.300 [00020420] [T] LiveUpdater.DownloadManager::DownloadQueue()
2023-06-06 13:39:37.305 [00008284] [T] LiveUpdater.DownloadManager::Worker()
2023-06-06 13:39:37.305 [00008284] [D] LiveUpdater.DownloadManager::Worker(): Download Started. (C:\ProgramData\Acer\updater2\Download\61328254\D)
2023-06-06 13:39:37.305 [00008284] [D] LiveUpdater.DownloadManager::Worker(): _myDownloadList count is 1
2023-06-06 13:39:37.316 [00008284] [T] LiveUpdater.DownloadManager::DownloadFile()
2023-06-06 13:39:37.320 [00008284] [T] LiveUpdater.DownloadManager::GetStringSHA1HashCode()
2023-06-06 13:39:37.383 [00008284] [T] LiveUpdater.DownloadManager::checkJobState()
2023-06-06 13:39:37.586 [00008284] [T] LiveUpdater.DownloadManager::checkJobState()
2023-06-06 13:39:37.787 [00008284] [T] LiveUpdater.DownloadManager::checkJobState()
2023-06-06 13:39:37.798 [00008284] [T] LiveUpdater.UpdateItem::DiagnosticDownloadEvent()
2023-06-06 13:39:38.000 [00008284] [T] LiveUpdater.DownloadManager::checkJobState()
2023-06-06 13:39:38.011 [00008284] [T] LiveUpdater.DownloadManager::ProcessFile()
2023-06-06 13:39:38.011 [00008284] [T] LiveUpdater.DownloadManager::ProcessFile() zipfile = C:\ProgramData\Acer\updater2\Download\BITS_tmp\ACC_5DFE31EBDA36BCA3C387E9F65F219D08CA08AF08\tmp.zip
2023-06-06 13:39:38.012 [00008284] [T] LiveUpdater.UnZipper::UnZipTo(string, string)
2023-06-06 13:39:38.018 [00008284] [T] LiveUpdater.UnZipper::UnZipTo(Stream, string)
2023-06-06 13:39:38.023 [00008284] [T] LiveUpdater.UnZipper::CopyStream()
2023-06-06 13:39:38.026 [00008284] [T] LiveUpdater.UnZipper::CopyStream()
2023-06-06 13:39:38.027 [00008284] [T] LiveUpdater.UnZipper::CopyStream()
2023-06-06 13:39:38.028 [00008284] [T] LiveUpdater.UnZipper::CopyStream()
2023-06-06 13:39:38.029 [00008284] [T] LiveUpdater.UnZipper::CopyStream()
2023-06-06 13:39:38.030 [00008284] [T] LiveUpdater.UnZipper::CopyStream()
2023-06-06 13:39:38.039 [00008284] [T] LiveUpdater.DownloadManager::DirectoryCopy()
2023-06-06 13:39:38.085 [00008284] [T] LiveUpdater.UpdateItem::DiagnosticDownloadEvent()
2023-06-06 13:39:38.086 [00008284] [T] LiveUpdater.UpdateItem::IsSelfUpgrade()
2023-06-06 13:39:38.098 [00008284] [T] LiveUpdater.Report::AddFPToResult()
2023-06-06 13:39:38.099 [00008284] [I] [ALU Report] OBJID -> 61328254, FixpackName -> Acer Configuration Manager v2.5 Upgrade, GUID -> 23659141-d231-4e73-b248-104abf6672e2, URL -> https://global-download.acer.com/GDFiles/application/fixpack/638209399048124040/Fixpack-D.zip, RETURNEDCODE -> 0, Message -> Before launch fixpack-D
2023-06-06 13:39:38.099 [00008284] [T] LiveUpdater.Report::SendReport()
2023-06-06 13:39:38.102 [00008284] [T] LiveUpdater.Report::GetStringSHA1HashCode()
2023-06-06 13:39:38.102 [00008284] [T] LiveUpdater.Report::BuildStr_UserAgent_V2()
2023-06-06 13:39:38.102 [00008284] [T] LiveUpdater.Report::GetStringSHA1HashCode()
2023-06-06 13:39:38.102 [00008284] [T] LiveUpdater.Report::BuildStr_Acer_V2()
2023-06-06 13:39:38.102 [00008284] [T] LiveUpdater.Report::GetStringSHA1HashCode()
2023-06-06 13:39:38.102 [00008284] [T] LiveUpdater.Report::BuildStr_Acer_V2()
2023-06-06 13:39:38.102 [00008284] [T] LiveUpdater.Report::GetStringSHA1HashCode()
2023-06-06 13:39:38.102 [00008284] [T] LiveUpdater.Report::PostResult()
2023-06-06 13:39:38.119 [00008284] [T] LiveUpdater.Report::ReadCallback()
2023-06-06 13:39:38.717 [00008284] [T] LiveUpdater.UpdateItem::GetfpdFileList()
2023-06-06 13:39:38.719 [00008284] [T] LiveUpdater.UpdateItem::GetfpdCypher()
2023-06-06 13:39:38.730 [00008284] [T] LiveUpdater.Launcher::Launch()
2023-06-06 13:39:38.735 [00008284] [T] LiveUpdater.Launcher::VerifyFolderDSA()
2023-06-06 13:39:39.260 [00008284] [D] LiveUpdater.DownloadManager::Worker(): Download Completed. (C:\ProgramData\Acer\updater2\Download\61328254\D)
2023-06-06 13:39:39.262 [00008216] [T] LiveUpdater.Launcher::Worker()
2023-06-06 13:39:39.262 [00008216] [D] LiveUpdater.Launcher::Worker(): Process started.(C:\ProgramData\Acer\updater2\Download\61328254\D\FpCheck.bat)
2023-06-06 13:39:39.387 [00008216] [D] LiveUpdater.Launcher::Worker(): Process finished.(C:\ProgramData\Acer\updater2\Download\61328254\D\FpCheck.bat)
2023-06-06 13:39:40.000 [00011280] [D] str_fileName:C:\ProgramData\Acer\updater2\Download\61328254\D\FpCheck.bat str_exitCode:1 str_procExitTime:6/6/2023 1:39:39 PM
2023-06-06 13:39:40.000 [00011280] [D] all of it is not empty
2023-06-06 13:39:40.003 [00011280] [T] LiveUpdater.UpdateItem::DiagnosticLaunchCompleted()
2023-06-06 13:39:40.003 [00011280] [T] LiveUpdater.Report::AddFPToResult()
2023-06-06 13:39:40.004 [00011280] [I] [ALU Report] OBJID -> 61328254, FixpackName -> Acer Configuration Manager v2.5 Upgrade, GUID -> 23659141-d231-4e73-b248-104abf6672e2, URL -> https://global-download.acer.com/GDFiles/application/fixpack/638209399048124040/Fixpack-D.zip, RETURNEDCODE -> 0, Message -> After diagnosing fixpack-D: don't need update
2023-06-06 13:39:40.005 [00011280] [T] LiveUpdater.Report::SendReport()
2023-06-06 13:39:40.008 [00011280] [T] LiveUpdater.Report::GetStringSHA1HashCode()
2023-06-06 13:39:40.008 [00011280] [T] LiveUpdater.Report::BuildStr_UserAgent_V2()
2023-06-06 13:39:40.008 [00011280] [T] LiveUpdater.Report::GetStringSHA1HashCode()
2023-06-06 13:39:40.008 [00011280] [T] LiveUpdater.Report::BuildStr_Acer_V2()
2023-06-06 13:39:40.008 [00011280] [T] LiveUpdater.Report::GetStringSHA1HashCode()
2023-06-06 13:39:40.008 [00011280] [T] LiveUpdater.Report::BuildStr_Acer_V2()
2023-06-06 13:39:40.008 [00011280] [T] LiveUpdater.Report::GetStringSHA1HashCode()
2023-06-06 13:39:40.008 [00011280] [T] LiveUpdater.Report::PostResult()
2023-06-06 13:39:40.024 [00011280] [T] LiveUpdater.Report::ReadCallback()
2023-06-06 13:39:40.673 [00011280] [T] LiveUpdater.UpdateItem::SetPackageStatus()
2023-06-06 13:39:40.675 [00011280] [T] LiveUpdater.CheckUpdatesJob::ItemDiagnoseCompleted()
2023-06-06 13:39:40.675 [00011280] [D] LiveUpdater.CheckUpdatesJob::ItemDiagnoseCompleted(): Item: 61328254
2023-06-06 13:39:40.675 [00020420] [D] LiveUpdater.GetDriverXML::RespCallback(): Done.
2023-06-06 13:39:40.679 [00006068] [T] LiveUpdater.LiveUpdateManager::HistorySync()
2023-06-06 13:39:40.682 [00006068] [T] LiveUpdater.LiveUpdateManager::HiddenHistorySync()
2023-06-06 13:39:40.686 [00006068] [T] LiveUpdateChecker.MainWindow::CheckUpdatesCompletedCallback()
2023-06-06 13:39:40.690 [00006068] [T] LiveUpdater.UpdaterEnvironment::SaveMetaFile()
2023-06-06 13:39:40.696 [00007776] [D] LiveUpdateChecker.MainWindow::CheckUpdatesCompletedCallback(): There is no update.
2023-06-06 13:39:40.696 [00007776] [T] LiveUpdateChecker.MainWindow::Close()
2023-06-06 13:39:40.702 [00006068] [T] LiveUpdater.UpdaterEnvironment::SaveMetaFile()
2023-06-06 13:39:40.760 [00015844] [T] LiveUpdater.UpdateItem::~UpdateItem()
2023-06-06 13:39:40.760 [00015844] [T] LiveUpdater.UpdateItem::~UpdateItem()
2023-06-06 13:39:40.760 [00015844] [T] LiveUpdater.UpdateItem::~UpdateItem()
2023-06-06 13:39:40.760 [00015844] [T] LiveUpdater.UpdateItem::~UpdateItem()
2023-06-06 13:39:40.760 [00015844] [T] LiveUpdater.UpdateItem::~UpdateItem()
2023-06-06 13:39:40.760 [00015844] [T] LiveUpdater.UpdateItem::~UpdateItem()
2023-06-06 13:39:40.760 [00015844] [T] LiveUpdater.UpdateItem::~UpdateItem()
2023-06-06 13:39:40.760 [00015844] [T] LiveUpdater.UpdateItem::~UpdateItem()
2023-06-06 13:39:40.760 [00015844] [T] LiveUpdater.UpdateItem::~UpdateItem()
2023-06-06 13:39:40.760 [00015844] [T] LiveUpdater.UpdateItem::~UpdateItem()
2023-06-06 13:39:40.760 [00015844] [T] LiveUpdater.UpdateItem::~UpdateItem()
2023-06-06 13:39:40.761 [00015844] [T] LiveUpdater.UpdateItem::~UpdateItem()
2023-06-06 13:39:40.761 [00015844] [T] LiveUpdater.UpdateItem::~UpdateItem()
2023-06-06 13:39:40.761 [00015844] [T] LiveUpdater.UpdateItem::~UpdateItem()
2023-06-06 13:39:40.761 [00015844] [T] LiveUpdater.UpdateItem::~UpdateItem()
2023-06-06 13:39:40.761 [00015844] [T] LiveUpdater.UpdateItem::~UpdateItem()
2023-06-06 13:39:40.761 [00015844] [T] LiveUpdater.UpdateItem::~UpdateItem()
2023-06-06 13:39:40.761 [00015844] [T] LiveUpdater.UpdateItem::~UpdateItem()
2023-06-06 13:39:40.761 [00015844] [T] LiveUpdater.UpdateItem::~UpdateItem()
2023-06-06 13:39:40.761 [00015844] [T] LiveUpdater.UpdateItem::~UpdateItem()
2023-06-06 13:39:40.761 [00015844] [T] LiveUpdater.UpdateItem::~UpdateItem()
2023-06-06 13:39:40.761 [00015844] [T] LiveUpdater.UpdateItem::~UpdateItem()
2023-06-06 13:39:40.761 [00015844] [T] LiveUpdater.UpdateItem::~UpdateItem()
2023-06-06 13:39:40.761 [00015844] [T] LiveUpdater.UpdateItem::~UpdateItem()
2023-06-06 13:39:40.761 [00015844] [T] LiveUpdater.UpdateItem::~UpdateItem()
2023-06-06 13:39:40.762 [00015844] [T] LiveUpdateChecker.SingleInstance::ReleaseMutex()
2023-06-06 13:39:40.786 [00015844] [T] LiveUpdateChecker.SingleInstance::ReleaseMutex(), Exception: System.ApplicationException: Object synchronization method was called from an unsynchronized block of code.
   at System.Threading.Mutex.ReleaseMutex()
   at Acer.CareCenter.LiveUpdateChecker.SingleInstance.ReleaseMutex()
