2023-05-28 11:50:14.542 [00022400] [T] LiveUpdateChecker.App::App()
2023-05-28 11:50:14.561 [00022400] [T] LiveUpdateChecker.App::LoadResource()
2023-05-28 11:50:14.723 [00022400] [T] LiveUpdateChecker.App::IsSingleInstance()
2023-05-28 11:50:14.748 [00022400] [T] LiveUpdateChecker.SingleInstance::SingleInstance()
2023-05-28 11:50:15.086 [00022400] [T] LiveUpdateChecker.MainWindow::MainWindow()
2023-05-28 11:50:15.951 [00022400] [T] LiveUpdateChecker.MainWindow::Window_Initialized()
2023-05-28 11:50:15.997 [00022400] [T] LiveUpdateChecker.MainWindow::Hola()
2023-05-28 11:50:15.998 [00022400] [D] LiveUpdateChecker.MainWindow::Hola(): ACCHOLA()
2023-05-28 11:50:16.027 [00022400] [I] ACCHOLA::Program Initialization()
2023-05-28 11:50:16.073 [00022400] [I] ACCHOLA:GetSerialNumber()
2023-05-28 11:50:16.074 [00022400] [I] ACCHOLA:Get_WMI_Info()
2023-05-28 11:50:16.185 [00022400] [I] ACCHOLA:GetMachineType()
2023-05-28 11:50:16.243 [00022400] [I] ACCHOLA:ReadIni()
2023-05-28 11:50:16.243 [00022400] [I] ACCHOLA:ReadIni()::iniPath::C:\ProgramData\Acer\CareCenter\HOLA.ini
2023-05-28 11:50:16.259 [00022400] [I] ACCHOLA::Program Initialization(): No need to be checked HOLA AD Data.
2023-05-28 11:50:16.271 [00022400] [T] LiveUpdateChecker.MainWindow::InitializeCheckUpdates()
2023-05-28 11:50:16.272 [00022400] [T] LiveUpdater.UpdaterEnvironment::UpdaterEnvironment()
2023-05-28 11:50:16.329 [00022400] [T] LiveUpdater.UpdaterEnvironment::GetOSCode()
2023-05-28 11:50:16.329 [00022400] [D] LiveUpdater.UpdaterEnvironment::GetOSCode(): Version: 10.0.22621.0
2023-05-28 11:50:16.329 [00022400] [D] LiveUpdater.UpdaterEnvironment::GetOSCode(): Major Version: 10
2023-05-28 11:50:16.329 [00022400] [D] LiveUpdater.UpdaterEnvironment::GetOSCode(): Minor Version: 0
2023-05-28 11:50:16.401 [00022400] [D] LiveUpdater.UpdaterEnvironment::GetOSCode(): Can't find the matched OS code.
2023-05-28 11:50:16.401 [00022400] [D] LiveUpdater.UpdaterEnvironment::UpdaterEnvironment(): OS: 10M1
2023-05-28 11:50:16.402 [00022400] [T] LiveUpdater.UpdaterEnvironment::GetSupportedLangID()
2023-05-28 11:50:16.403 [00022400] [D] LiveUpdater.UpdaterEnvironment::UpdaterEnvironment(): Language: EN
2023-05-28 11:50:16.406 [00022400] [T] LiveUpdater.UpdaterEnvironment::GetModel()
2023-05-28 11:50:16.452 [00022400] [D] LiveUpdater.UpdaterEnvironment::UpdaterEnvironment(): Model: Nitro AN515-58
2023-05-28 11:50:16.455 [00022400] [T] LiveUpdater.UpdaterEnvironment::GetBrand()
2023-05-28 11:50:16.457 [00022400] [D] LiveUpdater.UpdaterEnvironment::UpdaterEnvironment(): Brand: Acer
2023-05-28 11:50:16.460 [00022400] [T] LiveUpdater.UpdaterEnvironment::GetUpdaterVer()
2023-05-28 11:50:16.462 [00022400] [D] LiveUpdater.UpdaterEnvironment::UpdaterEnvironment(): ACC Version: ACC_4.00.3042
2023-05-28 11:50:16.463 [00022400] [T] LiveUpdater.UpdaterEnvironment::GetUpdaterDwordVer()
2023-05-28 11:50:16.465 [00022400] [D] LiveUpdater.UpdaterEnvironment::UpdaterEnvironment(): ACC DWORD Version: 67111906
2023-05-28 11:50:16.466 [00022400] [T] LiveUpdater.UpdaterEnvironment::GetSN()
2023-05-28 11:50:17.479 [00022400] [D] LiveUpdater.UpdaterEnvironment::UpdaterEnvironment(): SN: NHQFHSI0012110D5AF3400
2023-05-28 11:50:17.479 [00022400] [T] LiveUpdater.UpdaterEnvironment::GetKeyDim()
2023-05-28 11:50:17.479 [00022400] [D] LiveUpdater.UpdaterEnvironment::UpdaterEnvironment(): Local Directory: C:\ProgramData\Acer\updater2
2023-05-28 11:50:17.485 [00022400] [D] LiveUpdater.UpdaterEnvironment::UpdaterEnvironment(): FP URL: https://aluwsv2.acer.com/ServerInfo/EN/Nitro AN515-58/Nitro AN515-58_10M1_EN.xml
2023-05-28 11:50:17.485 [00022400] [D] LiveUpdater.UpdaterEnvironment::UpdaterEnvironment(): AP URL: https://aluwsv2.acer.com/ServerInfo/EN/ALU_APP/ALU_APP_10M1_EN.xml
2023-05-28 11:50:17.486 [00022400] [T] LiveUpdater.UpdaterEnvironment::GenPubkey()
2023-05-28 11:50:17.505 [00022400] [T] LiveUpdater.UpdaterEnvironment::GetMetaFile()
2023-05-28 11:50:17.506 [00022400] [T] LiveUpdater.UpdaterEnvironment::GetLastBootUpTime()
2023-05-28 11:50:17.725 [00022400] [D] LiveUpdater.UpdaterEnvironment::UpdaterEnvironment(): FUBDLR = 
2023-05-28 11:50:17.725 [00022400] [T] LiveUpdater.UpdaterEnvironment::GetLastBootUpTime()
2023-05-28 11:50:17.865 [00022400] [D] LiveUpdateChecker.MainWindow::InitializeCheckUpdates(): No need to be checked.
2023-05-28 11:50:17.867 [00022400] [T] LiveUpdateChecker.MainWindow::Close()
2023-05-28 11:50:18.019 [00014256] [T] LiveUpdateChecker.SingleInstance::ReleaseMutex()
2023-05-28 11:50:18.079 [00014256] [T] LiveUpdateChecker.SingleInstance::ReleaseMutex(), Exception: System.ApplicationException: Object synchronization method was called from an unsynchronized block of code.
   at System.Threading.Mutex.ReleaseMutex()
   at Acer.CareCenter.LiveUpdateChecker.SingleInstance.ReleaseMutex()
